14:24:11.871 [main] INFO  com.intuit.karate.Runner - using system property 'karate.options': --tags @debug
14:24:12.859 [main] DEBUG com.intuit.karate.Suite - [config] classpath:karate-config.js
14:24:12.894 [main] DEBUG com.intuit.karate.Suite - waiting for 2 features to complete
14:24:14.222 [pool-1-thread-1] INFO  com.intuit.karate - karate.env system property was: null 
14:24:14.400 [pool-1-thread-1] DEBUG com.intuit.karate.shell.Command - found / verified free local port: 9222
14:24:14.420 [pool-1-thread-1] DEBUG c.i.k.driver.chrome_1624438454393 - poll attempt #0 for port to be ready - localhost:9222
14:24:14.430 [chrome_1624438454393] DEBUG c.i.k.driver.chrome_1624438454393 - command: [C:\Program Files (x86)\Google\Chrome\Application\chrome.exe, --remote-debugging-port=9222, --no-first-run, --user-data-dir=C:\Users\admin\Desktop\QA\karate-demo\myproject\target\chrome_1624438454393, --disable-popup-blocking], working dir: target\chrome_1624438454393
14:24:14.757 [chrome_1624438454393-out] DEBUG c.i.k.driver.chrome_1624438454393 - 
14:24:14.757 [chrome_1624438454393-out] DEBUG c.i.k.driver.chrome_1624438454393 - DevTools listening on ws://127.0.0.1:9222/devtools/browser/ca5d84a5-2935-4dce-880b-2d61fafe9f45
14:24:16.721 [pool-1-thread-1] DEBUG com.intuit.karate - request:
1 > GET http://localhost:9222/json
1 > Host: localhost:9222
1 > Connection: Keep-Alive
1 > User-Agent: Apache-HttpClient/4.5.13 (Java/1.8.0_291)
1 > Accept-Encoding: gzip,deflate


14:24:16.856 [pool-1-thread-1] DEBUG com.intuit.karate - response time in milliseconds: 129
1 < 200
1 < Content-Length: 2201
1 < Content-Type: application/json; charset=UTF-8
[{"devtoolsFrontendUrl":"\/devtools\/inspector.html?ws=localhost:9222\/devtools\/page\/D0506003DE9B3BA6D1FF3D25E970E685","description":"","id":"D0506003DE9B3BA6D1FF3D25E970E685","title":"CryptoTokenExtension","type":"background_page","webSocketDebuggerUrl":"ws:\/\/localhost:9222\/devtools\/page\/D0506003DE9B3BA6D1FF3D25E970E685","url":"chrome-extension:\/\/kmendfapggjehodndflmmgagdbamhnfd\/_generated_background_page.html"},{"devtoolsFrontendUrl":"\/devtools\/inspector.html?ws=localhost:9222\/devtools\/page\/DEF85217C87CC6DDCDCD73485A792DD6","description":"","id":"DEF85217C87CC6DDCDCD73485A792DD6","title":"Google Network Speech","type":"background_page","webSocketDebuggerUrl":"ws:\/\/localhost:9222\/devtools\/page\/DEF85217C87CC6DDCDCD73485A792DD6","url":"chrome-extension:\/\/neajdppkdcdipfabeoofebfddakdcjhd\/_generated_background_page.html"},{"devtoolsFrontendUrl":"\/devtools\/inspector.html?ws=localhost:9222\/devtools\/page\/12446F5897714E56752D2C13C9C5C049","description":"","id":"12446F5897714E56752D2C13C9C5C049","title":"Feedback","type":"background_page","webSocketDebuggerUrl":"ws:\/\/localhost:9222\/devtools\/page\/12446F5897714E56752D2C13C9C5C049","url":"chrome-extension:\/\/gfdkimpbcpahaombhbimeihdjnejgicl\/_generated_background_page.html"},{"devtoolsFrontendUrl":"\/devtools\/inspector.html?ws=localhost:9222\/devtools\/page\/23F4403734112760632E18DEAB70669A","description":"","id":"23F4403734112760632E18DEAB70669A","title":"Google Hangouts","type":"background_page","webSocketDebuggerUrl":"ws:\/\/localhost:9222\/devtools\/page\/23F4403734112760632E18DEAB70669A","url":"chrome-extension:\/\/nkeimhogjdpnpccoofpliimaahmaaome\/background.html"},{"devtoolsFrontendUrl":"\/devtools\/inspector.html?ws=localhost:9222\/devtools\/page\/B33CBD875D507711BA3894AE0722406D","description":"","id":"B33CBD875D507711BA3894AE0722406D","title":"Welcome to Chrome","type":"page","webSocketDebuggerUrl":"ws:\/\/localhost:9222\/devtools\/page\/B33CBD875D507711BA3894AE0722406D","url":"chrome:\/\/welcome\/?variant=everywhere"}]
14:24:16.860 [pool-1-thread-1] DEBUG com.intuit.karate.shell.Command - ready to accept http connections after 1895 ms - http://localhost:9222/json
14:24:16.868 [pool-1-thread-1] DEBUG com.intuit.karate - request:
1 > GET http://localhost:9222/json
1 > Host: localhost:9222
1 > Connection: Keep-Alive
1 > User-Agent: Apache-HttpClient/4.5.13 (Java/1.8.0_291)
1 > Accept-Encoding: gzip,deflate


14:24:16.870 [pool-1-thread-1] DEBUG com.intuit.karate - response time in milliseconds: 2
1 < 200
1 < Content-Length: 2201
1 < Content-Type: application/json; charset=UTF-8
[{"devtoolsFrontendUrl":"\/devtools\/inspector.html?ws=localhost:9222\/devtools\/page\/D0506003DE9B3BA6D1FF3D25E970E685","description":"","id":"D0506003DE9B3BA6D1FF3D25E970E685","title":"CryptoTokenExtension","type":"background_page","webSocketDebuggerUrl":"ws:\/\/localhost:9222\/devtools\/page\/D0506003DE9B3BA6D1FF3D25E970E685","url":"chrome-extension:\/\/kmendfapggjehodndflmmgagdbamhnfd\/_generated_background_page.html"},{"devtoolsFrontendUrl":"\/devtools\/inspector.html?ws=localhost:9222\/devtools\/page\/DEF85217C87CC6DDCDCD73485A792DD6","description":"","id":"DEF85217C87CC6DDCDCD73485A792DD6","title":"Google Network Speech","type":"background_page","webSocketDebuggerUrl":"ws:\/\/localhost:9222\/devtools\/page\/DEF85217C87CC6DDCDCD73485A792DD6","url":"chrome-extension:\/\/neajdppkdcdipfabeoofebfddakdcjhd\/_generated_background_page.html"},{"devtoolsFrontendUrl":"\/devtools\/inspector.html?ws=localhost:9222\/devtools\/page\/12446F5897714E56752D2C13C9C5C049","description":"","id":"12446F5897714E56752D2C13C9C5C049","title":"Feedback","type":"background_page","webSocketDebuggerUrl":"ws:\/\/localhost:9222\/devtools\/page\/12446F5897714E56752D2C13C9C5C049","url":"chrome-extension:\/\/gfdkimpbcpahaombhbimeihdjnejgicl\/_generated_background_page.html"},{"devtoolsFrontendUrl":"\/devtools\/inspector.html?ws=localhost:9222\/devtools\/page\/23F4403734112760632E18DEAB70669A","description":"","id":"23F4403734112760632E18DEAB70669A","title":"Google Hangouts","type":"background_page","webSocketDebuggerUrl":"ws:\/\/localhost:9222\/devtools\/page\/23F4403734112760632E18DEAB70669A","url":"chrome-extension:\/\/nkeimhogjdpnpccoofpliimaahmaaome\/background.html"},{"devtoolsFrontendUrl":"\/devtools\/inspector.html?ws=localhost:9222\/devtools\/page\/B33CBD875D507711BA3894AE0722406D","description":"","id":"B33CBD875D507711BA3894AE0722406D","title":"Welcome to Chrome","type":"page","webSocketDebuggerUrl":"ws:\/\/localhost:9222\/devtools\/page\/B33CBD875D507711BA3894AE0722406D","url":"chrome:\/\/welcome\/?variant=everywhere"}]
14:24:16.876 [pool-1-thread-1] DEBUG c.i.k.driver.chrome_1624438454393 - root frame id: B33CBD875D507711BA3894AE0722406D
14:24:17.244 [chrome_1624438454393-out] DEBUG c.i.k.driver.chrome_1624438454393 - [13388:10472:0623/142417.244:ERROR:device_event_log_impl.cc(214)] [14:24:17.244] USB: usb_device_handle_win.cc:1058 Failed to read descriptor from node connection: A device attached to the system is not functioning. (0x1F)
14:24:18.271 [nioEventLoopGroup-2-1] DEBUG c.i.k.http.WebSocketClientHandler - websocket client connected
14:24:18.284 [pool-1-thread-1] DEBUG c.i.k.driver.chrome_1624438454393 - >> {"id":1,"method":"Target.activateTarget","params":{"targetId":"B33CBD875D507711BA3894AE0722406D"}}
14:24:18.314 [nioEventLoopGroup-2-1] DEBUG c.i.k.driver.chrome_1624438454393 - << {"id":1,"result":{}}
14:24:18.316 [pool-1-thread-1] DEBUG c.i.k.driver.chrome_1624438454393 - >> {"id":2,"method":"Page.enable"}
14:24:18.319 [nioEventLoopGroup-2-1] DEBUG c.i.k.driver.chrome_1624438454393 - << {"id":2,"result":{}}
14:24:18.321 [pool-1-thread-1] DEBUG c.i.k.driver.chrome_1624438454393 - >> {"id":3,"method":"Runtime.enable"}
14:24:18.324 [nioEventLoopGroup-2-1] DEBUG c.i.k.driver.chrome_1624438454393 - << {"method":"Runtime.executionContextCreated","params":{"context":{"id":1,"origin":"chrome://welcome","name":"","uniqueId":"-7829926903552258872.3030901253907858037","auxData":{"isDefault":true,"type":"default","frameId":"B33CBD875D507711BA3894AE0722406D"}}}}
14:24:18.325 [nioEventLoopGroup-2-1] DEBUG c.i.k.driver.chrome_1624438454393 - << {"id":3,"result":{}}
14:24:18.326 [pool-1-thread-1] DEBUG c.i.k.driver.chrome_1624438454393 - >> {"id":4,"method":"Target.setAutoAttach","params":{"autoAttach":true,"waitForDebuggerOnStart":false,"flatten":true}}
14:24:18.329 [nioEventLoopGroup-2-1] DEBUG c.i.k.driver.chrome_1624438454393 - << {"id":4,"result":{}}
14:24:18.330 [pool-1-thread-1] DEBUG c.i.k.driver.chrome_1624438454393 - >> {"id":5,"method":"Browser.getWindowForTarget","params":{"targetId":"B33CBD875D507711BA3894AE0722406D"}}
14:24:18.332 [nioEventLoopGroup-2-1] DEBUG c.i.k.driver.chrome_1624438454393 - << {"id":5,"result":{"windowId":1,"bounds":{"left":10,"top":10,"width":1050,"height":708,"windowState":"normal"}}}
14:24:18.510 [pool-1-thread-1] DEBUG c.i.k.driver.chrome_1624438454393 - >> {"id":6,"method":"Page.navigate","params":{"url":"http:\/\/automationpractice.com\/index.php"}}
14:24:19.477 [nioEventLoopGroup-2-1] DEBUG c.i.k.driver.chrome_1624438454393 - << {"id":6,"result":{"frameId":"B33CBD875D507711BA3894AE0722406D","loaderId":"1E09164ADBC5C51E5BF4845C32FFC42E"}}
14:24:19.480 [nioEventLoopGroup-2-1] DEBUG c.i.k.driver.chrome_1624438454393 - << {"method":"Runtime.executionContextsCleared","params":{}}
14:24:19.482 [nioEventLoopGroup-2-1] DEBUG c.i.k.driver.chrome_1624438454393 - << {"method":"Page.frameStartedLoading","params":{"frameId":"B33CBD875D507711BA3894AE0722406D"}}
14:24:19.501 [nioEventLoopGroup-2-1] DEBUG c.i.k.driver.chrome_1624438454393 - << {"method":"Runtime.executionContextsCleared","params":{}}
14:24:19.501 [nioEventLoopGroup-2-1] DEBUG c.i.k.driver.chrome_1624438454393 - << {"method":"Page.frameNavigated","params":{"frame":{"id":"B33CBD875D507711BA3894AE0722406D","loaderId":"1E09164ADBC5C51E5BF4845C32FFC42E","url":"http://automationpractice.com/index.php","domainAndRegistry":"automationpractice.com","securityOrigin":"http://automationpractice.com","mimeType":"text/html","adFrameType":"none","secureContextType":"InsecureScheme","crossOriginIsolatedContextType":"NotIsolated","gatedAPIFeatures":["SharedArrayBuffersTransferAllowed"]}}}
14:24:19.502 [nioEventLoopGroup-2-1] DEBUG c.i.k.driver.chrome_1624438454393 - << {"method":"Runtime.executionContextCreated","params":{"context":{"id":1,"origin":"http://automationpractice.com","name":"","uniqueId":"4300265495981144358.3803092083523125950","auxData":{"isDefault":true,"type":"default","frameId":"B33CBD875D507711BA3894AE0722406D"}}}}
14:24:25.720 [nioEventLoopGroup-2-1] DEBUG c.i.k.driver.chrome_1624438454393 - << {"method":"Page.domContentEventFired","params":{"timestamp":144092.031273}}
14:24:25.740 [pool-1-thread-1] DEBUG c.i.k.driver.chrome_1624438454393 - >> {"id":7,"method":"Browser.setWindowBounds","params":{"windowId":1,"bounds":{"windowState":"maximized"}}}
14:24:25.776 [nioEventLoopGroup-2-1] DEBUG c.i.k.driver.chrome_1624438454393 - << {"id":7,"result":{}}
14:24:25.804 [pool-1-thread-1] DEBUG c.i.k.driver.chrome_1624438454393 - >> {"id":8,"method":"Runtime.evaluate","params":{"expression":"(document.evaluate(\"\/\/a[@title='T-shirts']\", document, null, 9, null).singleNodeValue != null)","returnByValue":true}}
14:24:26.023 [nioEventLoopGroup-2-1] DEBUG c.i.k.driver.chrome_1624438454393 - << {"method":"Page.frameResized","params":{}}
14:24:26.042 [nioEventLoopGroup-2-1] DEBUG c.i.k.driver.chrome_1624438454393 - << {"id":8,"result":{"result":{"type":"boolean","value":true}}}
14:24:26.047 [nioEventLoopGroup-2-1] DEBUG c.i.k.driver.chrome_1624438454393 - << {"method":"Page.frameResized","params":{}}
14:24:26.051 [pool-1-thread-1] DEBUG c.i.k.driver.chrome_1624438454393 - >> {"id":9,"method":"Runtime.evaluate","params":{"expression":"document.evaluate(\"\/\/a[@title='T-shirts']\", document, null, 9, null).singleNodeValue.click()","returnByValue":true}}
14:24:26.066 [nioEventLoopGroup-2-1] DEBUG c.i.k.driver.chrome_1624438454393 - << {"method":"Page.frameScheduledNavigation","params":{"frameId":"B33CBD875D507711BA3894AE0722406D","delay":0,"reason":"anchorClick","url":"http://automationpractice.com/index.php?id_category=5&controller=category"}}
14:24:26.067 [nioEventLoopGroup-2-1] DEBUG c.i.k.driver.chrome_1624438454393 - << {"method":"Page.frameRequestedNavigation","params":{"frameId":"B33CBD875D507711BA3894AE0722406D","reason":"anchorClick","url":"http://automationpractice.com/index.php?id_category=5&controller=category","disposition":"currentTab"}}
14:24:26.069 [nioEventLoopGroup-2-1] DEBUG c.i.k.driver.chrome_1624438454393 - << {"method":"Page.frameClearedScheduledNavigation","params":{"frameId":"B33CBD875D507711BA3894AE0722406D"}}
14:24:26.071 [nioEventLoopGroup-2-1] DEBUG c.i.k.driver.chrome_1624438454393 - << {"id":9,"result":{"result":{"type":"undefined"}}}
14:24:27.288 [nioEventLoopGroup-2-1] DEBUG c.i.k.driver.chrome_1624438454393 - << {"method":"Runtime.executionContextsCleared","params":{}}
14:24:27.289 [nioEventLoopGroup-2-1] DEBUG c.i.k.driver.chrome_1624438454393 - << {"method":"Page.frameNavigated","params":{"frame":{"id":"B33CBD875D507711BA3894AE0722406D","loaderId":"5B59250B6127DF08E0EEC11B71839B8D","url":"http://automationpractice.com/index.php?id_category=5&controller=category","domainAndRegistry":"automationpractice.com","securityOrigin":"http://automationpractice.com","mimeType":"text/html","adFrameType":"none","secureContextType":"InsecureScheme","crossOriginIsolatedContextType":"NotIsolated","gatedAPIFeatures":["SharedArrayBuffersTransferAllowed"]}}}
14:24:27.290 [nioEventLoopGroup-2-1] DEBUG c.i.k.driver.chrome_1624438454393 - << {"method":"Runtime.executionContextCreated","params":{"context":{"id":2,"origin":"http://automationpractice.com","name":"","uniqueId":"-9039646371433556154.-3262877935451912764","auxData":{"isDefault":true,"type":"default","frameId":"B33CBD875D507711BA3894AE0722406D"}}}}
14:24:29.560 [nioEventLoopGroup-2-1] DEBUG c.i.k.driver.chrome_1624438454393 - << {"method":"Page.domContentEventFired","params":{"timestamp":144095.872876}}
14:24:31.097 [pool-1-thread-1] DEBUG c.i.k.driver.chrome_1624438454393 - >> {"id":10,"method":"Page.captureScreenshot"}
14:24:31.125 [nioEventLoopGroup-2-1] DEBUG c.i.k.driver.chrome_1624438454393 - << {"method":"Page.loadEventFired","params":{"timestamp":144097.437217}}
14:24:31.126 [nioEventLoopGroup-2-1] DEBUG c.i.k.driver.chrome_1624438454393 - << {"method":"Page.frameStoppedLoading","params":{"frameId":"B33CBD875D507711BA3894AE0722406D"}}
14:24:41.484 [nioEventLoopGroup-2-1] DEBUG c.i.k.driver.chrome_1624438454393 - << {"id":10,"result":{"data":"iVBORw0KGgoAAAANSUhEUgAABVYAAAKRCAYAAAC/c/KQAAAAAXNSR0IArs4c6QAAIABJREFUeJzsvXuYHOV95/vpuvVleqbnopGEJBCMBNjGxkYIg50cexONpMQJxjZCAi+7JCwIWJ+c3QTMCDvBayc2Esa7m83xGgbHe/DhebBkERJzkljSKIk3MSboBgLbCJgBmZtuMz2Xnr7Urc8f1VVdVV3d03PRlffzPP10V3XVW29Vv9XSfPv7fn8xoIxAcI4gS9L095Gn3kets014X1VRMEwTVVFqttWUWHBfSfa9lrBsu6b/UesavSfLMSyrjCwHj2VZ5cA27jp3+0Y06kOz+Ps11bOLIkuYlo0iS0iyjCpLtLW2YJoWAIZhoqqK9xqgrSWBlkrT1pJk+XltANhqC+fN78J66zCd77uUS5ZdxJFXXsGayJKznfMqjQxzJJsjV9T59U//Dh/52G8ynhslGU+hqhpSMoOakInnJhjOTwJQzB5Hz49TKuUBmNSdPrRoCvF4infeGcKKJWlJtzCZmySXy2EaOgC6WUbTVLBNkBRMyzkn27IxLdt5bTvrLMtGliWsynrLt97QDUqVc7ds5333szIq18murC/pJooiYZo2RV2vbmeY3vHdYwOYphm4tn5KuuE8+94zLat6TKNUaaP6WTl9MtFRAYhZJYzK2CtblXOwyt55uOepm9XxaZjV41m+vhqWjSpLGL514W0C6+3o9QKBQCAQCAQCgUAgeO8wNjY26zZq1R+B4CxmuiLgbETVutvXEVV1s+yJq2FR1f8c6F/UugZiqF+cbCScuusaiar1hN56/WpEveOF1/v77xf5bMtCjWueUAd4oqr7WlFktFSarvZWOjKtSMkWbLtMVybN0bd/xcXzu1iwYAGHDr1A4Z0x0mqMdFJj+ESWI9kcyXicD3/iGq7+1DqMokUbMHHsbazRoxjtC0h0dFNSNVRVwzB05msKuWKZ0XiKdqnMaGuOlpzCZ ...
14:24:41.499 [pool-1-thread-1] DEBUG c.i.k.driver.chrome_1624438454393 - >> {"id":11,"method":"Runtime.evaluate","params":{"expression":"(document.evaluate(\"\/\/a[@title='Faded Short Sleeve T-shirts']\", document, null, 9, null).singleNodeValue != null)","returnByValue":true}}
14:24:41.502 [nioEventLoopGroup-2-1] DEBUG c.i.k.driver.chrome_1624438454393 - << {"id":11,"result":{"result":{"type":"boolean","value":true}}}
14:24:41.506 [pool-1-thread-1] DEBUG c.i.k.driver.chrome_1624438454393 - >> {"id":12,"method":"Runtime.evaluate","params":{"expression":"(function(){ var fun = function(e){ var d = window.getComputedStyle(e).display; while(d == 'none'){ e = e.parentElement; d = window.getComputedStyle(e).display } e.scrollIntoView({block: 'center'}) }; var e = document.evaluate(\"\/\/a[@title='Faded Short Sleeve T-shirts']\", document, null, 9, null).singleNodeValue; return fun(e) })()","returnByValue":true}}
14:24:41.509 [nioEventLoopGroup-2-1] DEBUG c.i.k.driver.chrome_1624438454393 - << {"id":12,"result":{"result":{"type":"undefined"}}}
14:24:41.519 [pool-1-thread-1] DEBUG c.i.k.driver.chrome_1624438454393 - >> {"id":13,"method":"Runtime.evaluate","params":{"expression":"document.evaluate(\"\/\/a[@title='Faded Short Sleeve T-shirts']\", document, null, 9, null).singleNodeValue.click()","returnByValue":true}}
14:24:41.534 [nioEventLoopGroup-2-1] DEBUG c.i.k.driver.chrome_1624438454393 - << {"method":"Page.frameScheduledNavigation","params":{"frameId":"B33CBD875D507711BA3894AE0722406D","delay":0,"reason":"anchorClick","url":"http://automationpractice.com/index.php?id_product=1&controller=product"}}
14:24:41.535 [nioEventLoopGroup-2-1] DEBUG c.i.k.driver.chrome_1624438454393 - << {"method":"Page.frameRequestedNavigation","params":{"frameId":"B33CBD875D507711BA3894AE0722406D","reason":"anchorClick","url":"http://automationpractice.com/index.php?id_product=1&controller=product","disposition":"currentTab"}}
14:24:41.536 [nioEventLoopGroup-2-1] DEBUG c.i.k.driver.chrome_1624438454393 - << {"method":"Page.frameStartedLoading","params":{"frameId":"B33CBD875D507711BA3894AE0722406D"}}
14:24:41.539 [nioEventLoopGroup-2-1] DEBUG c.i.k.driver.chrome_1624438454393 - << {"method":"Page.frameClearedScheduledNavigation","params":{"frameId":"B33CBD875D507711BA3894AE0722406D"}}
14:24:41.540 [nioEventLoopGroup-2-1] DEBUG c.i.k.driver.chrome_1624438454393 - << {"id":13,"result":{"result":{"type":"undefined"}}}
14:24:41.544 [pool-1-thread-1] DEBUG c.i.k.driver.chrome_1624438454393 - >> {"id":14,"method":"Page.captureScreenshot"}
14:24:43.783 [nioEventLoopGroup-2-1] DEBUG c.i.k.driver.chrome_1624438454393 - << {"method":"Runtime.executionContextsCleared","params":{}}
14:24:43.785 [nioEventLoopGroup-2-1] DEBUG c.i.k.driver.chrome_1624438454393 - << {"method":"Page.frameNavigated","params":{"frame":{"id":"B33CBD875D507711BA3894AE0722406D","loaderId":"16F5ADF60761863EC84A33D827799EF1","url":"http://automationpractice.com/index.php?id_product=1&controller=product","domainAndRegistry":"automationpractice.com","securityOrigin":"http://automationpractice.com","mimeType":"text/html","adFrameType":"none","secureContextType":"InsecureScheme","crossOriginIsolatedContextType":"NotIsolated","gatedAPIFeatures":["SharedArrayBuffersTransferAllowed"]}}}
14:24:43.786 [nioEventLoopGroup-2-1] DEBUG c.i.k.driver.chrome_1624438454393 - << {"method":"Runtime.executionContextCreated","params":{"context":{"id":3,"origin":"http://automationpractice.com","name":"","uniqueId":"-145721659939202620.-1345518138897453179","auxData":{"isDefault":true,"type":"default","frameId":"B33CBD875D507711BA3894AE0722406D"}}}}
14:24:45.390 [nioEventLoopGroup-2-1] DEBUG c.i.k.driver.chrome_1624438454393 - << {"method":"Page.domContentEventFired","params":{"timestamp":144111.702587}}
14:24:45.896 [nioEventLoopGroup-2-1] DEBUG c.i.k.driver.chrome_1624438454393 - << {"method":"Page.loadEventFired","params":{"timestamp":144112.207127}}
14:24:45.897 [nioEventLoopGroup-2-1] DEBUG c.i.k.driver.chrome_1624438454393 - << {"method":"Page.frameStoppedLoading","params":{"frameId":"B33CBD875D507711BA3894AE0722406D"}}
14:25:01.143 [nioEventLoopGroup-2-1] DEBUG c.i.k.driver.chrome_1624438454393 - << {"id":14,"result":{"data":"iVBORw0KGgoAAAANSUhEUgAABVYAAAKRCAYAAAC/c/KQAAAAAXNSR0IArs4c6QAAIABJREFUeJzsvXuYHOV95/vpuvVleqbnopGEJBCMBNjGxkYIg50cexONpMQJxjZCAi+7JCwIWJ+c3QTMCDvBayc2Esa7m83xGgbHe/DhebBkERJzkljSKIk3MSboBgLbCJgBmZtuMz2Xnr7Urc8f1VVdVV3d03PRlffzPP10V3XVW29Vv9XSfPv7fn8xoIxAcI4gS9L095Gn3kets014X1VRMEwTVVFqttWUWHBfSfa9lrBsu6b/UesavSfLMSyrjCwHj2VZ5cA27jp3+0Y06kOz+Ps11bOLIkuYlo0iS0iyjCpLtLW2YJoWAIZhoqqK9xqgrSWBlkrT1pJk+XltANhqC+fN78J66zCd77uUS5ZdxJFXXsGayJKznfMqjQxzJJsjV9T59U//Dh/52G8ynhslGU+hqhpSMoOakInnJhjOTwJQzB5Hz49TKuUBmNSdPrRoCvF4infeGcKKJWlJtzCZmySXy2EaOgC6WUbTVLBNkBRMyzkn27IxLdt5bTvrLMtGliWsynrLt97QDUqVc7ds5333szIq18murC/pJooiYZo2RV2vbmeY3vHdYwOYphm4tn5KuuE8+94zLat6TKNUaaP6WTl9MtFRAYhZJYzK2CtblXOwyt55uOepm9XxaZjV41m+vhqWjSpLGL514W0C6+3o9QKBQCAQCAQCgUAgeO8wNjY26zZq1R+B4CxmuiLgbETVutvXEVV1s+yJq2FR1f8c6F/UugZiqF+cbCScuusaiar1hN56/WpEveOF1/v77xf5bMtCjWueUAd4oqr7WlFktFSarvZWOjKtSMkWbLtMVybN0bd/xcXzu1iwYAGHDr1A4Z0x0mqMdFJj+ESWI9kcyXicD3/iGq7+1DqMokUbMHHsbazRoxjtC0h0dFNSNVRVwzB05msKuWKZ0XiKdqnMaGuOlpzCZ ...
14:25:01.204 [pool-1-thread-1] DEBUG c.i.k.driver.chrome_1624438454393 - >> {"id":15,"method":"Runtime.evaluate","params":{"expression":"(document.evaluate(\"\/\/button[@name='Submit']\", document, null, 9, null).singleNodeValue != null)","returnByValue":true}}
14:25:01.206 [nioEventLoopGroup-2-1] DEBUG c.i.k.driver.chrome_1624438454393 - << {"id":15,"result":{"result":{"type":"boolean","value":true}}}
14:25:01.211 [pool-1-thread-1] DEBUG c.i.k.driver.chrome_1624438454393 - >> {"id":16,"method":"Runtime.evaluate","params":{"expression":"(function(){ var fun = function(e){ var d = window.getComputedStyle(e).display; while(d == 'none'){ e = e.parentElement; d = window.getComputedStyle(e).display } e.scrollIntoView({block: 'center'}) }; var e = document.evaluate(\"\/\/button[@name='Submit']\", document, null, 9, null).singleNodeValue; return fun(e) })()","returnByValue":true}}
14:25:01.215 [nioEventLoopGroup-2-1] DEBUG c.i.k.driver.chrome_1624438454393 - << {"id":16,"result":{"result":{"type":"undefined"}}}
14:25:01.218 [pool-1-thread-1] DEBUG c.i.k.driver.chrome_1624438454393 - >> {"id":17,"method":"Runtime.evaluate","params":{"expression":"document.evaluate(\"\/\/button[@name='Submit']\", document, null, 9, null).singleNodeValue.click()","returnByValue":true}}
14:25:01.242 [nioEventLoopGroup-2-1] DEBUG c.i.k.driver.chrome_1624438454393 - << {"id":17,"result":{"result":{"type":"undefined"}}}
14:25:01.245 [pool-1-thread-1] DEBUG c.i.k.driver.chrome_1624438454393 - >> {"id":18,"method":"Page.captureScreenshot"}
14:25:04.460 [nioEventLoopGroup-2-1] DEBUG c.i.k.driver.chrome_1624438454393 - << {"id":18,"result":{"data":"iVBORw0KGgoAAAANSUhEUgAABVYAAAKRCAYAAAC/c/KQAAAAAXNSR0IArs4c6QAAIABJREFUeJzs3X18VeWd7/3Pda219lMSEjQoQQjWgENKiVZ0TFtjW+wIHqE90LvQU+1YHWunD2eqp8Vpx+lIHe20Oj1ij51OtUftlHoX+xJmlE6Bl2JLnCkoOAq1cFuwkijBEiGP+2mtdV33H2vnkQQSQgiB3/v1gmTvvfZa11p7JbC/+7d+l9q2bZtFCCGEEEIIIYQQQgghzhAzZ84c8Tr0CRiHEEIIIYQQQgghhBBCnFEkWBVCCCGEEEIIIYQQQohhkmBVCCGEEEIIIYQQQgghhkmCVSGEEEIIIYQQQgghhBgmCVaFEEIIIYQQQgghhBBimCRYFUIIIYQQQgghhBBCiGGSYFUIIYQQQgghhBBCCCF6ueGGG465jASrQgghhBBCCCGEEEIIUdAVqh4rXJVgVQghhBBCCCGEEEIIITgyTD1auCrBqhBCCCGEEEIIIYQQ4ow3WIg62P1q27ZtdjQHJIQQQgghhBBCCCGEEKeSmTNnjngd7gkYhxiCxsbGsR6CEEIIcdqYNm3aWA9BCCGEGJKXtm+nvb19rIchhBgnSkpKuGTu3LEehhgiCVZPInkTKIQQQoycfFgphBBiPJlQUsLs97xnrIchhBgnGvftG+shiGGQHqtCCCGEEEIIIYQQQggxTBKsCiGEEEIIIYQQQgghxDBJsCqEEEIIIYQQQgghhBDDJMGqEEIIIYQQQgghhBBCDJNMXiXGJWstAEqpk7KdkW6r93qGs66Rbv9Ejf9o6x9svYM9drxjGug1P9b2j+VY2z/WOkb7/DuWEzW+wc7PgdY/Wsd/sNd3OOvov/2Tsf9DHd/J+p0lhBBCCCGEEOLkkYpVIYQQQgghhBBCCCGEGCYJVoUYoqFUp53K2x+t8Q+03sG2dbxj6P28/usYzvbFiXcijv/RXt+TsX0hhBBCCCGEEOJ4S ...
14:25:04.473 [pool-1-thread-1] DEBUG c.i.k.driver.chrome_1624438454393 - >> {"id":19,"method":"Runtime.evaluate","params":{"expression":"(document.evaluate(\"\/\/a[@title='Proceed to checkout']\", document, null, 9, null).singleNodeValue != null)","returnByValue":true}}
14:25:04.476 [nioEventLoopGroup-2-1] DEBUG c.i.k.driver.chrome_1624438454393 - << {"id":19,"result":{"result":{"type":"boolean","value":true}}}
14:25:04.479 [pool-1-thread-1] DEBUG c.i.k.driver.chrome_1624438454393 - >> {"id":20,"method":"Runtime.evaluate","params":{"expression":"document.evaluate(\"\/\/a[@title='Proceed to checkout']\", document, null, 9, null).singleNodeValue.click()","returnByValue":true}}
14:25:04.488 [nioEventLoopGroup-2-1] DEBUG c.i.k.driver.chrome_1624438454393 - << {"method":"Page.frameScheduledNavigation","params":{"frameId":"B33CBD875D507711BA3894AE0722406D","delay":0,"reason":"anchorClick","url":"http://automationpractice.com/index.php?controller=order"}}
14:25:04.489 [nioEventLoopGroup-2-1] DEBUG c.i.k.driver.chrome_1624438454393 - << {"method":"Page.frameRequestedNavigation","params":{"frameId":"B33CBD875D507711BA3894AE0722406D","reason":"anchorClick","url":"http://automationpractice.com/index.php?controller=order","disposition":"currentTab"}}
14:25:04.490 [nioEventLoopGroup-2-1] DEBUG c.i.k.driver.chrome_1624438454393 - << {"method":"Page.frameStartedLoading","params":{"frameId":"B33CBD875D507711BA3894AE0722406D"}}
14:25:04.498 [nioEventLoopGroup-2-1] DEBUG c.i.k.driver.chrome_1624438454393 - << {"method":"Page.frameClearedScheduledNavigation","params":{"frameId":"B33CBD875D507711BA3894AE0722406D"}}
14:25:04.499 [nioEventLoopGroup-2-1] DEBUG c.i.k.driver.chrome_1624438454393 - << {"id":20,"result":{"result":{"type":"undefined"}}}
14:25:04.505 [pool-1-thread-1] DEBUG c.i.k.driver.chrome_1624438454393 - >> {"id":21,"method":"Runtime.evaluate","params":{"expression":"(document.querySelector(\".cart_navigation a[title='Proceed to checkout']\") != null)","returnByValue":true}}
14:25:05.256 [nioEventLoopGroup-2-1] DEBUG c.i.k.driver.chrome_1624438454393 - << {"method":"Runtime.executionContextsCleared","params":{}}
14:25:05.257 [nioEventLoopGroup-2-1] DEBUG c.i.k.driver.chrome_1624438454393 - << {"method":"Page.frameNavigated","params":{"frame":{"id":"B33CBD875D507711BA3894AE0722406D","loaderId":"EFC719A9CFB898747291A68188856803","url":"http://automationpractice.com/index.php?controller=order","domainAndRegistry":"automationpractice.com","securityOrigin":"http://automationpractice.com","mimeType":"text/html","adFrameType":"none","secureContextType":"InsecureScheme","crossOriginIsolatedContextType":"NotIsolated","gatedAPIFeatures":["SharedArrayBuffersTransferAllowed"]}}}
14:25:05.258 [nioEventLoopGroup-2-1] DEBUG c.i.k.driver.chrome_1624438454393 - << {"method":"Runtime.executionContextCreated","params":{"context":{"id":4,"origin":"http://automationpractice.com","name":"","uniqueId":"-1373656321170858987.6480206265055745352","auxData":{"isDefault":true,"type":"default","frameId":"B33CBD875D507711BA3894AE0722406D"}}}}
14:25:05.259 [nioEventLoopGroup-2-1] DEBUG c.i.k.driver.chrome_1624438454393 - << {"id":21,"result":{"result":{"type":"boolean","value":false}}}
14:25:05.260 [pool-1-thread-1] DEBUG c.intuit.karate.driver.DriverOptions - waitUntil (js) - retry #1
14:25:07.536 [nioEventLoopGroup-2-1] DEBUG c.i.k.driver.chrome_1624438454393 - << {"method":"Page.domContentEventFired","params":{"timestamp":144133.848175}}
14:25:07.800 [nioEventLoopGroup-2-1] DEBUG c.i.k.driver.chrome_1624438454393 - << {"method":"Page.loadEventFired","params":{"timestamp":144134.108392}}
14:25:07.803 [nioEventLoopGroup-2-1] DEBUG c.i.k.driver.chrome_1624438454393 - << {"method":"Page.frameStoppedLoading","params":{"frameId":"B33CBD875D507711BA3894AE0722406D"}}
14:25:08.270 [pool-1-thread-1] DEBUG c.i.k.driver.chrome_1624438454393 - >> {"id":22,"method":"Runtime.evaluate","params":{"expression":"(document.querySelector(\".cart_navigation a[title='Proceed to checkout']\") != null)","returnByValue":true}}
14:25:08.272 [nioEventLoopGroup-2-1] DEBUG c.i.k.driver.chrome_1624438454393 - << {"id":22,"result":{"result":{"type":"boolean","value":true}}}
14:25:08.274 [pool-1-thread-1] DEBUG c.i.k.driver.chrome_1624438454393 - >> {"id":23,"method":"Runtime.evaluate","params":{"expression":"(function(){ var fun = function(e){ var d = window.getComputedStyle(e).display; while(d == 'none'){ e = e.parentElement; d = window.getComputedStyle(e).display } e.scrollIntoView({block: 'center'}) }; var e = document.querySelector(\".cart_navigation a[title='Proceed to checkout']\"); return fun(e) })()","returnByValue":true}}
14:25:08.277 [nioEventLoopGroup-2-1] DEBUG c.i.k.driver.chrome_1624438454393 - << {"id":23,"result":{"result":{"type":"undefined"}}}
14:25:08.278 [pool-1-thread-1] DEBUG c.i.k.driver.chrome_1624438454393 - >> {"id":24,"method":"Runtime.evaluate","params":{"expression":"document.querySelector(\".cart_navigation a[title='Proceed to checkout']\").click()","returnByValue":true}}
14:25:08.288 [nioEventLoopGroup-2-1] DEBUG c.i.k.driver.chrome_1624438454393 - << {"method":"Page.frameScheduledNavigation","params":{"frameId":"B33CBD875D507711BA3894AE0722406D","delay":0,"reason":"anchorClick","url":"http://automationpractice.com/index.php?controller=order&step=1"}}
14:25:08.289 [nioEventLoopGroup-2-1] DEBUG c.i.k.driver.chrome_1624438454393 - << {"method":"Page.frameRequestedNavigation","params":{"frameId":"B33CBD875D507711BA3894AE0722406D","reason":"anchorClick","url":"http://automationpractice.com/index.php?controller=order&step=1","disposition":"currentTab"}}
14:25:08.290 [nioEventLoopGroup-2-1] DEBUG c.i.k.driver.chrome_1624438454393 - << {"method":"Page.frameStartedLoading","params":{"frameId":"B33CBD875D507711BA3894AE0722406D"}}
14:25:08.292 [nioEventLoopGroup-2-1] DEBUG c.i.k.driver.chrome_1624438454393 - << {"method":"Page.frameClearedScheduledNavigation","params":{"frameId":"B33CBD875D507711BA3894AE0722406D"}}
14:25:08.292 [nioEventLoopGroup-2-1] DEBUG c.i.k.driver.chrome_1624438454393 - << {"id":24,"result":{"result":{"type":"undefined"}}}
14:25:08.294 [pool-1-thread-1] DEBUG c.i.k.driver.chrome_1624438454393 - >> {"id":25,"method":"Page.captureScreenshot"}
14:25:09.646 [nioEventLoopGroup-2-1] DEBUG c.i.k.driver.chrome_1624438454393 - << {"method":"Runtime.executionContextsCleared","params":{}}
14:25:09.646 [nioEventLoopGroup-2-1] DEBUG c.i.k.driver.chrome_1624438454393 - << {"method":"Page.frameNavigated","params":{"frame":{"id":"B33CBD875D507711BA3894AE0722406D","loaderId":"33B8816BC9B56EF20BDB69FE7A07AA75","url":"http://automationpractice.com/index.php?controller=authentication&multi-shipping=0&display_guest_checkout=0&back=http%3A%2F%2Fautomationpractice.com%2Findex.php%3Fcontroller%3Dorder%26step%3D1%26multi-shipping%3D0","domainAndRegistry":"automationpractice.com","securityOrigin":"http://automationpractice.com","mimeType":"text/html","adFrameType":"none","secureContextType":"InsecureScheme","crossOriginIsolatedContextType":"NotIsolated","gatedAPIFeatures":["SharedArrayBuffersTransferAllowed"]}}}
14:25:09.647 [nioEventLoopGroup-2-1] DEBUG c.i.k.driver.chrome_1624438454393 - << {"method":"Runtime.executionContextCreated","params":{"context":{"id":5,"origin":"http://automationpractice.com","name":"","uniqueId":"-2930866708074232167.4428536661855590416","auxData":{"isDefault":true,"type":"default","frameId":"B33CBD875D507711BA3894AE0722406D"}}}}
14:25:10.858 [nioEventLoopGroup-2-1] DEBUG c.i.k.driver.chrome_1624438454393 - << {"method":"Page.domContentEventFired","params":{"timestamp":144137.170871}}
14:25:11.114 [nioEventLoopGroup-2-1] DEBUG c.i.k.driver.chrome_1624438454393 - << {"method":"Page.loadEventFired","params":{"timestamp":144137.425412}}
14:25:11.114 [nioEventLoopGroup-2-1] DEBUG c.i.k.driver.chrome_1624438454393 - << {"method":"Page.frameStoppedLoading","params":{"frameId":"B33CBD875D507711BA3894AE0722406D"}}
14:25:16.944 [nioEventLoopGroup-2-1] DEBUG c.i.k.driver.chrome_1624438454393 - << {"id":25,"result":{"data":"iVBORw0KGgoAAAANSUhEUgAABVYAAAKRCAYAAAC/c/KQAAAAAXNSR0IArs4c6QAAIABJREFUeJzsvXuYHOV95/vpuvVleqbnopGEJBCMBNjGxkYIg50cexONpMQJxjZCAi+7JCwIWJ+c3QTMCDvBayc2Esa7m83xGgbHe/DhebBkERJzkljSKIk3MSboBgLbCJgBmZtuMz2Xnr7Urc8f1VVdVV3d03PRlffzPP10V3XVW29Vv9XSfPv7fn8xoIxAcI4gS9L095Gn3kets014X1VRMEwTVVFqttWUWHBfSfa9lrBsu6b/UesavSfLMSyrjCwHj2VZ5cA27jp3+0Y06kOz+Ps11bOLIkuYlo0iS0iyjCpLtLW2YJoWAIZhoqqK9xqgrSWBlkrT1pJk+XltANhqC+fN78J66zCd77uUS5ZdxJFXXsGayJKznfMqjQxzJJsjV9T59U//Dh/52G8ynhslGU+hqhpSMoOakInnJhjOTwJQzB5Hz49TKuUBmNSdPrRoCvF4infeGcKKJWlJtzCZmySXy2EaOgC6WUbTVLBNkBRMyzkn27IxLdt5bTvrLMtGliWsynrLt97QDUqVc7ds5333szIq18murC/pJooiYZo2RV2vbmeY3vHdYwOYphm4tn5KuuE8+94zLat6TKNUaaP6WTl9MtFRAYhZJYzK2CtblXOwyt55uOepm9XxaZjV41m+vhqWjSpLGL514W0C6+3o9QKBQCAQCAQCgUAgeO8wNjY26zZq1R+B4CxmuiLgbETVutvXEVV1s+yJq2FR1f8c6F/UugZiqF+cbCScuusaiar1hN56/WpEveOF1/v77xf5bMtCjWueUAd4oqr7WlFktFSarvZWOjKtSMkWbLtMVybN0bd/xcXzu1iwYAGHDr1A4Z0x0mqMdFJj+ESWI9kcyXicD3/iGq7+1DqMokUbMHHsbazRoxjtC0h0dFNSNVRVwzB05msKuWKZ0XiKdqnMaGuOlpzCZ ...
14:25:16.956 [pool-1-thread-1] DEBUG c.i.k.driver.chrome_1624438454393 - >> {"id":26,"method":"Runtime.evaluate","params":{"expression":"(document.querySelector(\"#email\") != null)","returnByValue":true}}
14:25:16.959 [nioEventLoopGroup-2-1] DEBUG c.i.k.driver.chrome_1624438454393 - << {"id":26,"result":{"result":{"type":"boolean","value":true}}}
14:25:16.966 [pool-1-thread-1] DEBUG c.i.k.driver.chrome_1624438454393 - >> {"id":27,"method":"Runtime.evaluate","params":{"expression":"var e = document.querySelector(\"#email\"); e.focus(); try { e.selectionStart = e.selectionEnd = e.value.length } catch(x) {}","returnByValue":true}}
14:25:16.970 [nioEventLoopGroup-2-1] DEBUG c.i.k.driver.chrome_1624438454393 - << {"id":27,"result":{"result":{"type":"number","value":0,"description":"0"}}}
14:25:16.979 [pool-1-thread-1] DEBUG c.i.k.driver.chrome_1624438454393 - >> {"id":28,"method":"Input.dispatchKeyEvent","params":{"modifiers":0,"type":"rawKeyDown","text":"r","windowsVirtualKeyCode":82}}
14:25:16.984 [nioEventLoopGroup-2-1] DEBUG c.i.k.driver.chrome_1624438454393 - << {"id":28,"result":{}}
14:25:16.985 [pool-1-thread-1] DEBUG c.i.k.driver.chrome_1624438454393 - >> {"id":29,"method":"Input.dispatchKeyEvent","params":{"modifiers":0,"type":"char","text":"r","windowsVirtualKeyCode":82}}
14:25:16.989 [nioEventLoopGroup-2-1] DEBUG c.i.k.driver.chrome_1624438454393 - << {"id":29,"result":{}}
14:25:16.991 [pool-1-thread-1] DEBUG c.i.k.driver.chrome_1624438454393 - >> {"id":30,"method":"Input.dispatchKeyEvent","params":{"modifiers":0,"type":"keyUp","text":"r","windowsVirtualKeyCode":82}}
14:25:16.997 [nioEventLoopGroup-2-1] DEBUG c.i.k.driver.chrome_1624438454393 - << {"id":30,"result":{}}
14:25:16.999 [pool-1-thread-1] DEBUG c.i.k.driver.chrome_1624438454393 - >> {"id":31,"method":"Input.dispatchKeyEvent","params":{"modifiers":0,"type":"rawKeyDown","text":"a","windowsVirtualKeyCode":65}}
14:25:17.001 [nioEventLoopGroup-2-1] DEBUG c.i.k.driver.chrome_1624438454393 - << {"id":31,"result":{}}
14:25:17.003 [pool-1-thread-1] DEBUG c.i.k.driver.chrome_1624438454393 - >> {"id":32,"method":"Input.dispatchKeyEvent","params":{"modifiers":0,"type":"char","text":"a","windowsVirtualKeyCode":65}}
14:25:17.007 [nioEventLoopGroup-2-1] DEBUG c.i.k.driver.chrome_1624438454393 - << {"id":32,"result":{}}
14:25:17.009 [pool-1-thread-1] DEBUG c.i.k.driver.chrome_1624438454393 - >> {"id":33,"method":"Input.dispatchKeyEvent","params":{"modifiers":0,"type":"keyUp","text":"a","windowsVirtualKeyCode":65}}
14:25:17.015 [nioEventLoopGroup-2-1] DEBUG c.i.k.driver.chrome_1624438454393 - << {"id":33,"result":{}}
14:25:17.017 [pool-1-thread-1] DEBUG c.i.k.driver.chrome_1624438454393 - >> {"id":34,"method":"Input.dispatchKeyEvent","params":{"modifiers":0,"type":"rawKeyDown","text":"h","windowsVirtualKeyCode":72}}
14:25:17.019 [nioEventLoopGroup-2-1] DEBUG c.i.k.driver.chrome_1624438454393 - << {"id":34,"result":{}}
14:25:17.020 [pool-1-thread-1] DEBUG c.i.k.driver.chrome_1624438454393 - >> {"id":35,"method":"Input.dispatchKeyEvent","params":{"modifiers":0,"type":"char","text":"h","windowsVirtualKeyCode":72}}
14:25:17.024 [nioEventLoopGroup-2-1] DEBUG c.i.k.driver.chrome_1624438454393 - << {"id":35,"result":{}}
14:25:17.025 [pool-1-thread-1] DEBUG c.i.k.driver.chrome_1624438454393 - >> {"id":36,"method":"Input.dispatchKeyEvent","params":{"modifiers":0,"type":"keyUp","text":"h","windowsVirtualKeyCode":72}}
14:25:17.027 [nioEventLoopGroup-2-1] DEBUG c.i.k.driver.chrome_1624438454393 - << {"id":36,"result":{}}
14:25:17.028 [pool-1-thread-1] DEBUG c.i.k.driver.chrome_1624438454393 - >> {"id":37,"method":"Input.dispatchKeyEvent","params":{"modifiers":0,"type":"rawKeyDown","text":"u","windowsVirtualKeyCode":85}}
14:25:17.031 [nioEventLoopGroup-2-1] DEBUG c.i.k.driver.chrome_1624438454393 - << {"id":37,"result":{}}
14:25:17.032 [pool-1-thread-1] DEBUG c.i.k.driver.chrome_1624438454393 - >> {"id":38,"method":"Input.dispatchKeyEvent","params":{"modifiers":0,"type":"char","text":"u","windowsVirtualKeyCode":85}}
14:25:17.034 [nioEventLoopGroup-2-1] DEBUG c.i.k.driver.chrome_1624438454393 - << {"id":38,"result":{}}
14:25:17.036 [pool-1-thread-1] DEBUG c.i.k.driver.chrome_1624438454393 - >> {"id":39,"method":"Input.dispatchKeyEvent","params":{"modifiers":0,"type":"keyUp","text":"u","windowsVirtualKeyCode":85}}
14:25:17.038 [nioEventLoopGroup-2-1] DEBUG c.i.k.driver.chrome_1624438454393 - << {"id":39,"result":{}}
14:25:17.039 [pool-1-thread-1] DEBUG c.i.k.driver.chrome_1624438454393 - >> {"id":40,"method":"Input.dispatchKeyEvent","params":{"modifiers":0,"type":"rawKeyDown","text":"l","windowsVirtualKeyCode":76}}
14:25:17.041 [nioEventLoopGroup-2-1] DEBUG c.i.k.driver.chrome_1624438454393 - << {"id":40,"result":{}}
14:25:17.042 [pool-1-thread-1] DEBUG c.i.k.driver.chrome_1624438454393 - >> {"id":41,"method":"Input.dispatchKeyEvent","params":{"modifiers":0,"type":"char","text":"l","windowsVirtualKeyCode":76}}
14:25:17.046 [nioEventLoopGroup-2-1] DEBUG c.i.k.driver.chrome_1624438454393 - << {"id":41,"result":{}}
14:25:17.047 [pool-1-thread-1] DEBUG c.i.k.driver.chrome_1624438454393 - >> {"id":42,"method":"Input.dispatchKeyEvent","params":{"modifiers":0,"type":"keyUp","text":"l","windowsVirtualKeyCode":76}}
14:25:17.050 [nioEventLoopGroup-2-1] DEBUG c.i.k.driver.chrome_1624438454393 - << {"id":42,"result":{}}
14:25:17.051 [pool-1-thread-1] DEBUG c.i.k.driver.chrome_1624438454393 - >> {"id":43,"method":"Input.dispatchKeyEvent","params":{"modifiers":0,"type":"rawKeyDown","text":"s","windowsVirtualKeyCode":83}}
14:25:17.053 [nioEventLoopGroup-2-1] DEBUG c.i.k.driver.chrome_1624438454393 - << {"id":43,"result":{}}
14:25:17.054 [pool-1-thread-1] DEBUG c.i.k.driver.chrome_1624438454393 - >> {"id":44,"method":"Input.dispatchKeyEvent","params":{"modifiers":0,"type":"char","text":"s","windowsVirtualKeyCode":83}}
14:25:17.058 [nioEventLoopGroup-2-1] DEBUG c.i.k.driver.chrome_1624438454393 - << {"id":44,"result":{}}
14:25:17.059 [pool-1-thread-1] DEBUG c.i.k.driver.chrome_1624438454393 - >> {"id":45,"method":"Input.dispatchKeyEvent","params":{"modifiers":0,"type":"keyUp","text":"s","windowsVirtualKeyCode":83}}
14:25:17.061 [nioEventLoopGroup-2-1] DEBUG c.i.k.driver.chrome_1624438454393 - << {"id":45,"result":{}}
14:25:17.062 [pool-1-thread-1] DEBUG c.i.k.driver.chrome_1624438454393 - >> {"id":46,"method":"Input.dispatchKeyEvent","params":{"modifiers":0,"type":"rawKeyDown","text":"h","windowsVirtualKeyCode":72}}
14:25:17.064 [nioEventLoopGroup-2-1] DEBUG c.i.k.driver.chrome_1624438454393 - << {"id":46,"result":{}}
14:25:17.065 [pool-1-thread-1] DEBUG c.i.k.driver.chrome_1624438454393 - >> {"id":47,"method":"Input.dispatchKeyEvent","params":{"modifiers":0,"type":"char","text":"h","windowsVirtualKeyCode":72}}
14:25:17.069 [nioEventLoopGroup-2-1] DEBUG c.i.k.driver.chrome_1624438454393 - << {"id":47,"result":{}}
14:25:17.072 [pool-1-thread-1] DEBUG c.i.k.driver.chrome_1624438454393 - >> {"id":48,"method":"Input.dispatchKeyEvent","params":{"modifiers":0,"type":"keyUp","text":"h","windowsVirtualKeyCode":72}}
14:25:17.075 [nioEventLoopGroup-2-1] DEBUG c.i.k.driver.chrome_1624438454393 - << {"id":48,"result":{}}
14:25:17.076 [pool-1-thread-1] DEBUG c.i.k.driver.chrome_1624438454393 - >> {"id":49,"method":"Input.dispatchKeyEvent","params":{"modifiers":0,"type":"rawKeyDown","text":"a","windowsVirtualKeyCode":65}}
14:25:17.078 [nioEventLoopGroup-2-1] DEBUG c.i.k.driver.chrome_1624438454393 - << {"id":49,"result":{}}
14:25:17.079 [pool-1-thread-1] DEBUG c.i.k.driver.chrome_1624438454393 - >> {"id":50,"method":"Input.dispatchKeyEvent","params":{"modifiers":0,"type":"char","text":"a","windowsVirtualKeyCode":65}}
14:25:17.085 [nioEventLoopGroup-2-1] DEBUG c.i.k.driver.chrome_1624438454393 - << {"id":50,"result":{}}
14:25:17.086 [pool-1-thread-1] DEBUG c.i.k.driver.chrome_1624438454393 - >> {"id":51,"method":"Input.dispatchKeyEvent","params":{"modifiers":0,"type":"keyUp","text":"a","windowsVirtualKeyCode":65}}
14:25:17.089 [nioEventLoopGroup-2-1] DEBUG c.i.k.driver.chrome_1624438454393 - << {"id":51,"result":{}}
14:25:17.090 [pool-1-thread-1] DEBUG c.i.k.driver.chrome_1624438454393 - >> {"id":52,"method":"Input.dispatchKeyEvent","params":{"modifiers":0,"type":"rawKeyDown","text":"r","windowsVirtualKeyCode":82}}
14:25:17.093 [nioEventLoopGroup-2-1] DEBUG c.i.k.driver.chrome_1624438454393 - << {"id":52,"result":{}}
14:25:17.094 [pool-1-thread-1] DEBUG c.i.k.driver.chrome_1624438454393 - >> {"id":53,"method":"Input.dispatchKeyEvent","params":{"modifiers":0,"type":"char","text":"r","windowsVirtualKeyCode":82}}
14:25:17.097 [nioEventLoopGroup-2-1] DEBUG c.i.k.driver.chrome_1624438454393 - << {"id":53,"result":{}}
14:25:17.099 [pool-1-thread-1] DEBUG c.i.k.driver.chrome_1624438454393 - >> {"id":54,"method":"Input.dispatchKeyEvent","params":{"modifiers":0,"type":"keyUp","text":"r","windowsVirtualKeyCode":82}}
14:25:17.101 [nioEventLoopGroup-2-1] DEBUG c.i.k.driver.chrome_1624438454393 - << {"id":54,"result":{}}
14:25:17.102 [pool-1-thread-1] DEBUG c.i.k.driver.chrome_1624438454393 - >> {"id":55,"method":"Input.dispatchKeyEvent","params":{"modifiers":0,"type":"rawKeyDown","text":"m","windowsVirtualKeyCode":77}}
14:25:17.104 [nioEventLoopGroup-2-1] DEBUG c.i.k.driver.chrome_1624438454393 - << {"id":55,"result":{}}
14:25:17.105 [pool-1-thread-1] DEBUG c.i.k.driver.chrome_1624438454393 - >> {"id":56,"method":"Input.dispatchKeyEvent","params":{"modifiers":0,"type":"char","text":"m","windowsVirtualKeyCode":77}}
14:25:17.108 [nioEventLoopGroup-2-1] DEBUG c.i.k.driver.chrome_1624438454393 - << {"id":56,"result":{}}
14:25:17.110 [pool-1-thread-1] DEBUG c.i.k.driver.chrome_1624438454393 - >> {"id":57,"method":"Input.dispatchKeyEvent","params":{"modifiers":0,"type":"keyUp","text":"m","windowsVirtualKeyCode":77}}
14:25:17.113 [nioEventLoopGroup-2-1] DEBUG c.i.k.driver.chrome_1624438454393 - << {"id":57,"result":{}}
14:25:17.113 [pool-1-thread-1] DEBUG c.i.k.driver.chrome_1624438454393 - >> {"id":58,"method":"Input.dispatchKeyEvent","params":{"modifiers":0,"type":"rawKeyDown","text":"a","windowsVirtualKeyCode":65}}
14:25:17.115 [nioEventLoopGroup-2-1] DEBUG c.i.k.driver.chrome_1624438454393 - << {"id":58,"result":{}}
14:25:17.117 [pool-1-thread-1] DEBUG c.i.k.driver.chrome_1624438454393 - >> {"id":59,"method":"Input.dispatchKeyEvent","params":{"modifiers":0,"type":"char","text":"a","windowsVirtualKeyCode":65}}
14:25:17.122 [nioEventLoopGroup-2-1] DEBUG c.i.k.driver.chrome_1624438454393 - << {"id":59,"result":{}}
14:25:17.123 [pool-1-thread-1] DEBUG c.i.k.driver.chrome_1624438454393 - >> {"id":60,"method":"Input.dispatchKeyEvent","params":{"modifiers":0,"type":"keyUp","text":"a","windowsVirtualKeyCode":65}}
14:25:17.125 [nioEventLoopGroup-2-1] DEBUG c.i.k.driver.chrome_1624438454393 - << {"id":60,"result":{}}
14:25:17.126 [pool-1-thread-1] DEBUG c.i.k.driver.chrome_1624438454393 - >> {"id":61,"method":"Input.dispatchKeyEvent","params":{"modifiers":0,"type":"rawKeyDown","text":"a","windowsVirtualKeyCode":65}}
14:25:17.128 [nioEventLoopGroup-2-1] DEBUG c.i.k.driver.chrome_1624438454393 - << {"id":61,"result":{}}
14:25:17.129 [pool-1-thread-1] DEBUG c.i.k.driver.chrome_1624438454393 - >> {"id":62,"method":"Input.dispatchKeyEvent","params":{"modifiers":0,"type":"char","text":"a","windowsVirtualKeyCode":65}}
14:25:17.133 [nioEventLoopGroup-2-1] DEBUG c.i.k.driver.chrome_1624438454393 - << {"id":62,"result":{}}
14:25:17.134 [pool-1-thread-1] DEBUG c.i.k.driver.chrome_1624438454393 - >> {"id":63,"method":"Input.dispatchKeyEvent","params":{"modifiers":0,"type":"keyUp","text":"a","windowsVirtualKeyCode":65}}
14:25:17.136 [nioEventLoopGroup-2-1] DEBUG c.i.k.driver.chrome_1624438454393 - << {"id":63,"result":{}}
14:25:17.137 [pool-1-thread-1] DEBUG c.i.k.driver.chrome_1624438454393 - >> {"id":64,"method":"Input.dispatchKeyEvent","params":{"modifiers":0,"type":"rawKeyDown","text":"0","windowsVirtualKeyCode":48}}
14:25:17.139 [nioEventLoopGroup-2-1] DEBUG c.i.k.driver.chrome_1624438454393 - << {"id":64,"result":{}}
14:25:17.140 [pool-1-thread-1] DEBUG c.i.k.driver.chrome_1624438454393 - >> {"id":65,"method":"Input.dispatchKeyEvent","params":{"modifiers":0,"type":"char","text":"0","windowsVirtualKeyCode":48}}
14:25:17.144 [nioEventLoopGroup-2-1] DEBUG c.i.k.driver.chrome_1624438454393 - << {"id":65,"result":{}}
14:25:17.145 [pool-1-thread-1] DEBUG c.i.k.driver.chrome_1624438454393 - >> {"id":66,"method":"Input.dispatchKeyEvent","params":{"modifiers":0,"type":"keyUp","text":"0","windowsVirtualKeyCode":48}}
14:25:17.147 [nioEventLoopGroup-2-1] DEBUG c.i.k.driver.chrome_1624438454393 - << {"id":66,"result":{}}
14:25:17.148 [pool-1-thread-1] DEBUG c.i.k.driver.chrome_1624438454393 - >> {"id":67,"method":"Input.dispatchKeyEvent","params":{"modifiers":0,"type":"rawKeyDown","text":"4","windowsVirtualKeyCode":52}}
14:25:17.150 [nioEventLoopGroup-2-1] DEBUG c.i.k.driver.chrome_1624438454393 - << {"id":67,"result":{}}
14:25:17.150 [pool-1-thread-1] DEBUG c.i.k.driver.chrome_1624438454393 - >> {"id":68,"method":"Input.dispatchKeyEvent","params":{"modifiers":0,"type":"char","text":"4","windowsVirtualKeyCode":52}}
14:25:17.153 [nioEventLoopGroup-2-1] DEBUG c.i.k.driver.chrome_1624438454393 - << {"id":68,"result":{}}
14:25:17.154 [pool-1-thread-1] DEBUG c.i.k.driver.chrome_1624438454393 - >> {"id":69,"method":"Input.dispatchKeyEvent","params":{"modifiers":0,"type":"keyUp","text":"4","windowsVirtualKeyCode":52}}
14:25:17.156 [nioEventLoopGroup-2-1] DEBUG c.i.k.driver.chrome_1624438454393 - << {"id":69,"result":{}}
14:25:17.159 [pool-1-thread-1] DEBUG c.i.k.driver.chrome_1624438454393 - >> {"id":70,"method":"Input.dispatchKeyEvent","params":{"modifiers":0,"type":"rawKeyDown","text":"4","windowsVirtualKeyCode":52}}
14:25:17.162 [nioEventLoopGroup-2-1] DEBUG c.i.k.driver.chrome_1624438454393 - << {"id":70,"result":{}}
14:25:17.162 [pool-1-thread-1] DEBUG c.i.k.driver.chrome_1624438454393 - >> {"id":71,"method":"Input.dispatchKeyEvent","params":{"modifiers":0,"type":"char","text":"4","windowsVirtualKeyCode":52}}
14:25:17.166 [nioEventLoopGroup-2-1] DEBUG c.i.k.driver.chrome_1624438454393 - << {"id":71,"result":{}}
14:25:17.168 [pool-1-thread-1] DEBUG c.i.k.driver.chrome_1624438454393 - >> {"id":72,"method":"Input.dispatchKeyEvent","params":{"modifiers":0,"type":"keyUp","text":"4","windowsVirtualKeyCode":52}}
14:25:17.170 [nioEventLoopGroup-2-1] DEBUG c.i.k.driver.chrome_1624438454393 - << {"id":72,"result":{}}
14:25:17.171 [pool-1-thread-1] DEBUG c.i.k.driver.chrome_1624438454393 - >> {"id":73,"method":"Input.dispatchKeyEvent","params":{"modifiers":0,"type":"rawKeyDown","text":"@","windowsVirtualKeyCode":512}}
14:25:17.173 [nioEventLoopGroup-2-1] DEBUG c.i.k.driver.chrome_1624438454393 - << {"id":73,"result":{}}
14:25:17.174 [pool-1-thread-1] DEBUG c.i.k.driver.chrome_1624438454393 - >> {"id":74,"method":"Input.dispatchKeyEvent","params":{"modifiers":0,"type":"char","text":"@","windowsVirtualKeyCode":512}}
14:25:17.178 [nioEventLoopGroup-2-1] DEBUG c.i.k.driver.chrome_1624438454393 - << {"id":74,"result":{}}
14:25:17.179 [pool-1-thread-1] DEBUG c.i.k.driver.chrome_1624438454393 - >> {"id":75,"method":"Input.dispatchKeyEvent","params":{"modifiers":0,"type":"keyUp","text":"@","windowsVirtualKeyCode":512}}
14:25:17.181 [nioEventLoopGroup-2-1] DEBUG c.i.k.driver.chrome_1624438454393 - << {"id":75,"result":{}}
14:25:17.182 [pool-1-thread-1] DEBUG c.i.k.driver.chrome_1624438454393 - >> {"id":76,"method":"Input.dispatchKeyEvent","params":{"modifiers":0,"type":"rawKeyDown","text":"g","windowsVirtualKeyCode":71}}
14:25:17.184 [nioEventLoopGroup-2-1] DEBUG c.i.k.driver.chrome_1624438454393 - << {"id":76,"result":{}}
14:25:17.185 [pool-1-thread-1] DEBUG c.i.k.driver.chrome_1624438454393 - >> {"id":77,"method":"Input.dispatchKeyEvent","params":{"modifiers":0,"type":"char","text":"g","windowsVirtualKeyCode":71}}
14:25:17.189 [nioEventLoopGroup-2-1] DEBUG c.i.k.driver.chrome_1624438454393 - << {"id":77,"result":{}}
14:25:17.190 [pool-1-thread-1] DEBUG c.i.k.driver.chrome_1624438454393 - >> {"id":78,"method":"Input.dispatchKeyEvent","params":{"modifiers":0,"type":"keyUp","text":"g","windowsVirtualKeyCode":71}}
14:25:17.193 [nioEventLoopGroup-2-1] DEBUG c.i.k.driver.chrome_1624438454393 - << {"id":78,"result":{}}
14:25:17.195 [pool-1-thread-1] DEBUG c.i.k.driver.chrome_1624438454393 - >> {"id":79,"method":"Input.dispatchKeyEvent","params":{"modifiers":0,"type":"rawKeyDown","text":"m","windowsVirtualKeyCode":77}}
14:25:17.197 [nioEventLoopGroup-2-1] DEBUG c.i.k.driver.chrome_1624438454393 - << {"id":79,"result":{}}
14:25:17.198 [pool-1-thread-1] DEBUG c.i.k.driver.chrome_1624438454393 - >> {"id":80,"method":"Input.dispatchKeyEvent","params":{"modifiers":0,"type":"char","text":"m","windowsVirtualKeyCode":77}}
14:25:17.201 [nioEventLoopGroup-2-1] DEBUG c.i.k.driver.chrome_1624438454393 - << {"id":80,"result":{}}
14:25:17.202 [pool-1-thread-1] DEBUG c.i.k.driver.chrome_1624438454393 - >> {"id":81,"method":"Input.dispatchKeyEvent","params":{"modifiers":0,"type":"keyUp","text":"m","windowsVirtualKeyCode":77}}
14:25:17.204 [nioEventLoopGroup-2-1] DEBUG c.i.k.driver.chrome_1624438454393 - << {"id":81,"result":{}}
14:25:17.205 [pool-1-thread-1] DEBUG c.i.k.driver.chrome_1624438454393 - >> {"id":82,"method":"Input.dispatchKeyEvent","params":{"modifiers":0,"type":"rawKeyDown","text":"a","windowsVirtualKeyCode":65}}
14:25:17.208 [nioEventLoopGroup-2-1] DEBUG c.i.k.driver.chrome_1624438454393 - << {"id":82,"result":{}}
14:25:17.209 [pool-1-thread-1] DEBUG c.i.k.driver.chrome_1624438454393 - >> {"id":83,"method":"Input.dispatchKeyEvent","params":{"modifiers":0,"type":"char","text":"a","windowsVirtualKeyCode":65}}
14:25:17.213 [nioEventLoopGroup-2-1] DEBUG c.i.k.driver.chrome_1624438454393 - << {"id":83,"result":{}}
14:25:17.214 [pool-1-thread-1] DEBUG c.i.k.driver.chrome_1624438454393 - >> {"id":84,"method":"Input.dispatchKeyEvent","params":{"modifiers":0,"type":"keyUp","text":"a","windowsVirtualKeyCode":65}}
14:25:17.217 [nioEventLoopGroup-2-1] DEBUG c.i.k.driver.chrome_1624438454393 - << {"id":84,"result":{}}
14:25:17.219 [pool-1-thread-1] DEBUG c.i.k.driver.chrome_1624438454393 - >> {"id":85,"method":"Input.dispatchKeyEvent","params":{"modifiers":0,"type":"rawKeyDown","text":"i","windowsVirtualKeyCode":73}}
14:25:17.222 [nioEventLoopGroup-2-1] DEBUG c.i.k.driver.chrome_1624438454393 - << {"id":85,"result":{}}
14:25:17.223 [pool-1-thread-1] DEBUG c.i.k.driver.chrome_1624438454393 - >> {"id":86,"method":"Input.dispatchKeyEvent","params":{"modifiers":0,"type":"char","text":"i","windowsVirtualKeyCode":73}}
14:25:17.225 [nioEventLoopGroup-2-1] DEBUG c.i.k.driver.chrome_1624438454393 - << {"id":86,"result":{}}
14:25:17.227 [pool-1-thread-1] DEBUG c.i.k.driver.chrome_1624438454393 - >> {"id":87,"method":"Input.dispatchKeyEvent","params":{"modifiers":0,"type":"keyUp","text":"i","windowsVirtualKeyCode":73}}
14:25:17.229 [nioEventLoopGroup-2-1] DEBUG c.i.k.driver.chrome_1624438454393 - << {"id":87,"result":{}}
14:25:17.231 [pool-1-thread-1] DEBUG c.i.k.driver.chrome_1624438454393 - >> {"id":88,"method":"Input.dispatchKeyEvent","params":{"modifiers":0,"type":"rawKeyDown","text":"l","windowsVirtualKeyCode":76}}
14:25:17.233 [nioEventLoopGroup-2-1] DEBUG c.i.k.driver.chrome_1624438454393 - << {"id":88,"result":{}}
14:25:17.233 [pool-1-thread-1] DEBUG c.i.k.driver.chrome_1624438454393 - >> {"id":89,"method":"Input.dispatchKeyEvent","params":{"modifiers":0,"type":"char","text":"l","windowsVirtualKeyCode":76}}
14:25:17.236 [nioEventLoopGroup-2-1] DEBUG c.i.k.driver.chrome_1624438454393 - << {"id":89,"result":{}}
14:25:17.237 [pool-1-thread-1] DEBUG c.i.k.driver.chrome_1624438454393 - >> {"id":90,"method":"Input.dispatchKeyEvent","params":{"modifiers":0,"type":"keyUp","text":"l","windowsVirtualKeyCode":76}}
14:25:17.239 [nioEventLoopGroup-2-1] DEBUG c.i.k.driver.chrome_1624438454393 - << {"id":90,"result":{}}
14:25:17.239 [pool-1-thread-1] DEBUG c.i.k.driver.chrome_1624438454393 - >> {"id":91,"method":"Input.dispatchKeyEvent","params":{"modifiers":0,"type":"keyDown","text":".","windowsVirtualKeyCode":46}}
14:25:17.242 [nioEventLoopGroup-2-1] DEBUG c.i.k.driver.chrome_1624438454393 - << {"id":91,"result":{}}
14:25:17.242 [pool-1-thread-1] DEBUG c.i.k.driver.chrome_1624438454393 - >> {"id":92,"method":"Input.dispatchKeyEvent","params":{"modifiers":0,"type":"char","text":".","windowsVirtualKeyCode":46}}
14:25:17.246 [nioEventLoopGroup-2-1] DEBUG c.i.k.driver.chrome_1624438454393 - << {"id":92,"result":{}}
14:25:17.247 [pool-1-thread-1] DEBUG c.i.k.driver.chrome_1624438454393 - >> {"id":93,"method":"Input.dispatchKeyEvent","params":{"modifiers":0,"type":"keyUp","text":".","windowsVirtualKeyCode":46}}
14:25:17.249 [nioEventLoopGroup-2-1] DEBUG c.i.k.driver.chrome_1624438454393 - << {"id":93,"result":{}}
14:25:17.250 [pool-1-thread-1] DEBUG c.i.k.driver.chrome_1624438454393 - >> {"id":94,"method":"Input.dispatchKeyEvent","params":{"modifiers":0,"type":"rawKeyDown","text":"c","windowsVirtualKeyCode":67}}
14:25:17.252 [nioEventLoopGroup-2-1] DEBUG c.i.k.driver.chrome_1624438454393 - << {"id":94,"result":{}}
14:25:17.253 [pool-1-thread-1] DEBUG c.i.k.driver.chrome_1624438454393 - >> {"id":95,"method":"Input.dispatchKeyEvent","params":{"modifiers":0,"type":"char","text":"c","windowsVirtualKeyCode":67}}
14:25:17.257 [nioEventLoopGroup-2-1] DEBUG c.i.k.driver.chrome_1624438454393 - << {"id":95,"result":{}}
14:25:17.259 [pool-1-thread-1] DEBUG c.i.k.driver.chrome_1624438454393 - >> {"id":96,"method":"Input.dispatchKeyEvent","params":{"modifiers":0,"type":"keyUp","text":"c","windowsVirtualKeyCode":67}}
14:25:17.262 [nioEventLoopGroup-2-1] DEBUG c.i.k.driver.chrome_1624438454393 - << {"id":96,"result":{}}
14:25:17.263 [pool-1-thread-1] DEBUG c.i.k.driver.chrome_1624438454393 - >> {"id":97,"method":"Input.dispatchKeyEvent","params":{"modifiers":0,"type":"rawKeyDown","text":"o","windowsVirtualKeyCode":79}}
14:25:17.265 [nioEventLoopGroup-2-1] DEBUG c.i.k.driver.chrome_1624438454393 - << {"id":97,"result":{}}
14:25:17.266 [pool-1-thread-1] DEBUG c.i.k.driver.chrome_1624438454393 - >> {"id":98,"method":"Input.dispatchKeyEvent","params":{"modifiers":0,"type":"char","text":"o","windowsVirtualKeyCode":79}}
14:25:17.269 [nioEventLoopGroup-2-1] DEBUG c.i.k.driver.chrome_1624438454393 - << {"id":98,"result":{}}
14:25:17.271 [pool-1-thread-1] DEBUG c.i.k.driver.chrome_1624438454393 - >> {"id":99,"method":"Input.dispatchKeyEvent","params":{"modifiers":0,"type":"keyUp","text":"o","windowsVirtualKeyCode":79}}
14:25:17.273 [nioEventLoopGroup-2-1] DEBUG c.i.k.driver.chrome_1624438454393 - << {"id":99,"result":{}}
14:25:17.274 [pool-1-thread-1] DEBUG c.i.k.driver.chrome_1624438454393 - >> {"id":100,"method":"Input.dispatchKeyEvent","params":{"modifiers":0,"type":"rawKeyDown","text":"m","windowsVirtualKeyCode":77}}
14:25:17.276 [nioEventLoopGroup-2-1] DEBUG c.i.k.driver.chrome_1624438454393 - << {"id":100,"result":{}}
14:25:17.278 [pool-1-thread-1] DEBUG c.i.k.driver.chrome_1624438454393 - >> {"id":101,"method":"Input.dispatchKeyEvent","params":{"modifiers":0,"type":"char","text":"m","windowsVirtualKeyCode":77}}
14:25:17.282 [nioEventLoopGroup-2-1] DEBUG c.i.k.driver.chrome_1624438454393 - << {"id":101,"result":{}}
14:25:17.283 [pool-1-thread-1] DEBUG c.i.k.driver.chrome_1624438454393 - >> {"id":102,"method":"Input.dispatchKeyEvent","params":{"modifiers":0,"type":"keyUp","text":"m","windowsVirtualKeyCode":77}}
14:25:17.285 [nioEventLoopGroup-2-1] DEBUG c.i.k.driver.chrome_1624438454393 - << {"id":102,"result":{}}
14:25:17.288 [pool-1-thread-1] DEBUG c.i.k.driver.chrome_1624438454393 - >> {"id":103,"method":"Runtime.evaluate","params":{"expression":"(document.querySelector(\"#passwd\") != null)","returnByValue":true}}
14:25:17.290 [nioEventLoopGroup-2-1] DEBUG c.i.k.driver.chrome_1624438454393 - << {"id":103,"result":{"result":{"type":"boolean","value":true}}}
14:25:17.294 [pool-1-thread-1] DEBUG c.i.k.driver.chrome_1624438454393 - >> {"id":104,"method":"Runtime.evaluate","params":{"expression":"var e = document.querySelector(\"#passwd\"); e.focus(); try { e.selectionStart = e.selectionEnd = e.value.length } catch(x) {}","returnByValue":true}}
14:25:17.309 [nioEventLoopGroup-2-1] DEBUG c.i.k.driver.chrome_1624438454393 - << {"id":104,"result":{"result":{"type":"number","value":0,"description":"0"}}}
14:25:17.310 [pool-1-thread-1] WARN  c.i.k.driver.chrome_1624438454393 - unknown character / key code: A
14:25:17.311 [pool-1-thread-1] DEBUG c.i.k.driver.chrome_1624438454393 - >> {"id":105,"method":"Input.dispatchKeyEvent","params":{"modifiers":0,"type":"char","text":"A"}}
14:25:17.314 [nioEventLoopGroup-2-1] DEBUG c.i.k.driver.chrome_1624438454393 - << {"id":105,"result":{}}
14:25:17.323 [pool-1-thread-1] DEBUG c.i.k.driver.chrome_1624438454393 - >> {"id":106,"method":"Input.dispatchKeyEvent","params":{"modifiers":0,"type":"rawKeyDown","text":"m","windowsVirtualKeyCode":77}}
14:25:17.325 [nioEventLoopGroup-2-1] DEBUG c.i.k.driver.chrome_1624438454393 - << {"id":106,"result":{}}
14:25:17.326 [pool-1-thread-1] DEBUG c.i.k.driver.chrome_1624438454393 - >> {"id":107,"method":"Input.dispatchKeyEvent","params":{"modifiers":0,"type":"char","text":"m","windowsVirtualKeyCode":77}}
14:25:17.331 [nioEventLoopGroup-2-1] DEBUG c.i.k.driver.chrome_1624438454393 - << {"id":107,"result":{}}
14:25:17.332 [pool-1-thread-1] DEBUG c.i.k.driver.chrome_1624438454393 - >> {"id":108,"method":"Input.dispatchKeyEvent","params":{"modifiers":0,"type":"keyUp","text":"m","windowsVirtualKeyCode":77}}
14:25:17.334 [nioEventLoopGroup-2-1] DEBUG c.i.k.driver.chrome_1624438454393 - << {"id":108,"result":{}}
14:25:17.335 [pool-1-thread-1] DEBUG c.i.k.driver.chrome_1624438454393 - >> {"id":109,"method":"Input.dispatchKeyEvent","params":{"modifiers":0,"type":"rawKeyDown","text":"m","windowsVirtualKeyCode":77}}
14:25:17.336 [nioEventLoopGroup-2-1] DEBUG c.i.k.driver.chrome_1624438454393 - << {"id":109,"result":{}}
14:25:17.337 [pool-1-thread-1] DEBUG c.i.k.driver.chrome_1624438454393 - >> {"id":110,"method":"Input.dispatchKeyEvent","params":{"modifiers":0,"type":"char","text":"m","windowsVirtualKeyCode":77}}
14:25:17.340 [nioEventLoopGroup-2-1] DEBUG c.i.k.driver.chrome_1624438454393 - << {"id":110,"result":{}}
14:25:17.341 [pool-1-thread-1] DEBUG c.i.k.driver.chrome_1624438454393 - >> {"id":111,"method":"Input.dispatchKeyEvent","params":{"modifiers":0,"type":"keyUp","text":"m","windowsVirtualKeyCode":77}}
14:25:17.344 [nioEventLoopGroup-2-1] DEBUG c.i.k.driver.chrome_1624438454393 - << {"id":111,"result":{}}
14:25:17.345 [pool-1-thread-1] DEBUG c.i.k.driver.chrome_1624438454393 - >> {"id":112,"method":"Input.dispatchKeyEvent","params":{"modifiers":0,"type":"rawKeyDown","text":"a","windowsVirtualKeyCode":65}}
14:25:17.347 [nioEventLoopGroup-2-1] DEBUG c.i.k.driver.chrome_1624438454393 - << {"id":112,"result":{}}
14:25:17.348 [pool-1-thread-1] DEBUG c.i.k.driver.chrome_1624438454393 - >> {"id":113,"method":"Input.dispatchKeyEvent","params":{"modifiers":0,"type":"char","text":"a","windowsVirtualKeyCode":65}}
14:25:17.351 [nioEventLoopGroup-2-1] DEBUG c.i.k.driver.chrome_1624438454393 - << {"id":113,"result":{}}
14:25:17.354 [pool-1-thread-1] DEBUG c.i.k.driver.chrome_1624438454393 - >> {"id":114,"method":"Input.dispatchKeyEvent","params":{"modifiers":0,"type":"keyUp","text":"a","windowsVirtualKeyCode":65}}
14:25:17.356 [nioEventLoopGroup-2-1] DEBUG c.i.k.driver.chrome_1624438454393 - << {"id":114,"result":{}}
14:25:17.357 [pool-1-thread-1] DEBUG c.i.k.driver.chrome_1624438454393 - >> {"id":115,"method":"Input.dispatchKeyEvent","params":{"modifiers":0,"type":"rawKeyDown","text":"r","windowsVirtualKeyCode":82}}
14:25:17.359 [nioEventLoopGroup-2-1] DEBUG c.i.k.driver.chrome_1624438454393 - << {"id":115,"result":{}}
14:25:17.360 [pool-1-thread-1] DEBUG c.i.k.driver.chrome_1624438454393 - >> {"id":116,"method":"Input.dispatchKeyEvent","params":{"modifiers":0,"type":"char","text":"r","windowsVirtualKeyCode":82}}
14:25:17.363 [nioEventLoopGroup-2-1] DEBUG c.i.k.driver.chrome_1624438454393 - << {"id":116,"result":{}}
14:25:17.364 [pool-1-thread-1] DEBUG c.i.k.driver.chrome_1624438454393 - >> {"id":117,"method":"Input.dispatchKeyEvent","params":{"modifiers":0,"type":"keyUp","text":"r","windowsVirtualKeyCode":82}}
14:25:17.365 [nioEventLoopGroup-2-1] DEBUG c.i.k.driver.chrome_1624438454393 - << {"id":117,"result":{}}
14:25:17.366 [pool-1-thread-1] DEBUG c.i.k.driver.chrome_1624438454393 - >> {"id":118,"method":"Input.dispatchKeyEvent","params":{"modifiers":0,"type":"rawKeyDown","text":"@","windowsVirtualKeyCode":512}}
14:25:17.368 [nioEventLoopGroup-2-1] DEBUG c.i.k.driver.chrome_1624438454393 - << {"id":118,"result":{}}
14:25:17.370 [pool-1-thread-1] DEBUG c.i.k.driver.chrome_1624438454393 - >> {"id":119,"method":"Input.dispatchKeyEvent","params":{"modifiers":0,"type":"char","text":"@","windowsVirtualKeyCode":512}}
14:25:17.374 [nioEventLoopGroup-2-1] DEBUG c.i.k.driver.chrome_1624438454393 - << {"id":119,"result":{}}
14:25:17.375 [pool-1-thread-1] DEBUG c.i.k.driver.chrome_1624438454393 - >> {"id":120,"method":"Input.dispatchKeyEvent","params":{"modifiers":0,"type":"keyUp","text":"@","windowsVirtualKeyCode":512}}
14:25:17.378 [nioEventLoopGroup-2-1] DEBUG c.i.k.driver.chrome_1624438454393 - << {"id":120,"result":{}}
14:25:17.379 [pool-1-thread-1] DEBUG c.i.k.driver.chrome_1624438454393 - >> {"id":121,"method":"Input.dispatchKeyEvent","params":{"modifiers":0,"type":"rawKeyDown","text":"1","windowsVirtualKeyCode":49}}
14:25:17.382 [nioEventLoopGroup-2-1] DEBUG c.i.k.driver.chrome_1624438454393 - << {"id":121,"result":{}}
14:25:17.382 [pool-1-thread-1] DEBUG c.i.k.driver.chrome_1624438454393 - >> {"id":122,"method":"Input.dispatchKeyEvent","params":{"modifiers":0,"type":"char","text":"1","windowsVirtualKeyCode":49}}
14:25:17.386 [nioEventLoopGroup-2-1] DEBUG c.i.k.driver.chrome_1624438454393 - << {"id":122,"result":{}}
14:25:17.387 [pool-1-thread-1] DEBUG c.i.k.driver.chrome_1624438454393 - >> {"id":123,"method":"Input.dispatchKeyEvent","params":{"modifiers":0,"type":"keyUp","text":"1","windowsVirtualKeyCode":49}}
14:25:17.389 [nioEventLoopGroup-2-1] DEBUG c.i.k.driver.chrome_1624438454393 - << {"id":123,"result":{}}
14:25:17.389 [pool-1-thread-1] DEBUG c.i.k.driver.chrome_1624438454393 - >> {"id":124,"method":"Input.dispatchKeyEvent","params":{"modifiers":0,"type":"rawKeyDown","text":"2","windowsVirtualKeyCode":50}}
14:25:17.392 [nioEventLoopGroup-2-1] DEBUG c.i.k.driver.chrome_1624438454393 - << {"id":124,"result":{}}
14:25:17.393 [pool-1-thread-1] DEBUG c.i.k.driver.chrome_1624438454393 - >> {"id":125,"method":"Input.dispatchKeyEvent","params":{"modifiers":0,"type":"char","text":"2","windowsVirtualKeyCode":50}}
14:25:17.397 [nioEventLoopGroup-2-1] DEBUG c.i.k.driver.chrome_1624438454393 - << {"id":125,"result":{}}
14:25:17.399 [pool-1-thread-1] DEBUG c.i.k.driver.chrome_1624438454393 - >> {"id":126,"method":"Input.dispatchKeyEvent","params":{"modifiers":0,"type":"keyUp","text":"2","windowsVirtualKeyCode":50}}
14:25:17.402 [nioEventLoopGroup-2-1] DEBUG c.i.k.driver.chrome_1624438454393 - << {"id":126,"result":{}}
14:25:17.402 [pool-1-thread-1] DEBUG c.i.k.driver.chrome_1624438454393 - >> {"id":127,"method":"Input.dispatchKeyEvent","params":{"modifiers":0,"type":"rawKeyDown","text":"3","windowsVirtualKeyCode":51}}
14:25:17.405 [nioEventLoopGroup-2-1] DEBUG c.i.k.driver.chrome_1624438454393 - << {"id":127,"result":{}}
14:25:17.406 [pool-1-thread-1] DEBUG c.i.k.driver.chrome_1624438454393 - >> {"id":128,"method":"Input.dispatchKeyEvent","params":{"modifiers":0,"type":"char","text":"3","windowsVirtualKeyCode":51}}
14:25:17.409 [nioEventLoopGroup-2-1] DEBUG c.i.k.driver.chrome_1624438454393 - << {"id":128,"result":{}}
14:25:17.411 [pool-1-thread-1] DEBUG c.i.k.driver.chrome_1624438454393 - >> {"id":129,"method":"Input.dispatchKeyEvent","params":{"modifiers":0,"type":"keyUp","text":"3","windowsVirtualKeyCode":51}}
14:25:17.413 [nioEventLoopGroup-2-1] DEBUG c.i.k.driver.chrome_1624438454393 - << {"id":129,"result":{}}
14:25:17.414 [pool-1-thread-1] DEBUG c.i.k.driver.chrome_1624438454393 - >> {"id":130,"method":"Input.dispatchKeyEvent","params":{"modifiers":0,"type":"rawKeyDown","text":"4","windowsVirtualKeyCode":52}}
14:25:17.416 [nioEventLoopGroup-2-1] DEBUG c.i.k.driver.chrome_1624438454393 - << {"id":130,"result":{}}
14:25:17.416 [pool-1-thread-1] DEBUG c.i.k.driver.chrome_1624438454393 - >> {"id":131,"method":"Input.dispatchKeyEvent","params":{"modifiers":0,"type":"char","text":"4","windowsVirtualKeyCode":52}}
14:25:17.419 [nioEventLoopGroup-2-1] DEBUG c.i.k.driver.chrome_1624438454393 - << {"id":131,"result":{}}
14:25:17.420 [pool-1-thread-1] DEBUG c.i.k.driver.chrome_1624438454393 - >> {"id":132,"method":"Input.dispatchKeyEvent","params":{"modifiers":0,"type":"keyUp","text":"4","windowsVirtualKeyCode":52}}
14:25:17.422 [nioEventLoopGroup-2-1] DEBUG c.i.k.driver.chrome_1624438454393 - << {"id":132,"result":{}}
14:25:17.422 [pool-1-thread-1] DEBUG c.i.k.driver.chrome_1624438454393 - >> {"id":133,"method":"Input.dispatchKeyEvent","params":{"modifiers":0,"type":"rawKeyDown","text":"5","windowsVirtualKeyCode":53}}
14:25:17.424 [nioEventLoopGroup-2-1] DEBUG c.i.k.driver.chrome_1624438454393 - << {"id":133,"result":{}}
14:25:17.425 [pool-1-thread-1] DEBUG c.i.k.driver.chrome_1624438454393 - >> {"id":134,"method":"Input.dispatchKeyEvent","params":{"modifiers":0,"type":"char","text":"5","windowsVirtualKeyCode":53}}
14:25:17.428 [nioEventLoopGroup-2-1] DEBUG c.i.k.driver.chrome_1624438454393 - << {"id":134,"result":{}}
14:25:17.428 [pool-1-thread-1] DEBUG c.i.k.driver.chrome_1624438454393 - >> {"id":135,"method":"Input.dispatchKeyEvent","params":{"modifiers":0,"type":"keyUp","text":"5","windowsVirtualKeyCode":53}}
14:25:17.431 [nioEventLoopGroup-2-1] DEBUG c.i.k.driver.chrome_1624438454393 - << {"id":135,"result":{}}
14:25:17.434 [pool-1-thread-1] DEBUG c.i.k.driver.chrome_1624438454393 - >> {"id":136,"method":"Runtime.evaluate","params":{"expression":"document.querySelector(\"#SubmitLogin\").click()","returnByValue":true}}
14:25:17.452 [nioEventLoopGroup-2-1] DEBUG c.i.k.driver.chrome_1624438454393 - << {"id":136,"result":{"result":{"type":"undefined"}}}
14:25:17.453 [nioEventLoopGroup-2-1] DEBUG c.i.k.driver.chrome_1624438454393 - << {"method":"Page.frameScheduledNavigation","params":{"frameId":"B33CBD875D507711BA3894AE0722406D","delay":0,"reason":"formSubmissionPost","url":"http://automationpractice.com/index.php?controller=authentication"}}
14:25:17.453 [nioEventLoopGroup-2-1] DEBUG c.i.k.driver.chrome_1624438454393 - << {"method":"Page.frameRequestedNavigation","params":{"frameId":"B33CBD875D507711BA3894AE0722406D","reason":"formSubmissionPost","url":"http://automationpractice.com/index.php?controller=authentication","disposition":"currentTab"}}
14:25:17.454 [pool-1-thread-1] DEBUG c.i.k.driver.chrome_1624438454393 - >> {"id":137,"method":"Page.captureScreenshot"}
14:25:17.455 [nioEventLoopGroup-2-1] DEBUG c.i.k.driver.chrome_1624438454393 - << {"method":"Page.frameStartedLoading","params":{"frameId":"B33CBD875D507711BA3894AE0722406D"}}
14:25:17.459 [nioEventLoopGroup-2-1] DEBUG c.i.k.driver.chrome_1624438454393 - << {"method":"Page.frameClearedScheduledNavigation","params":{"frameId":"B33CBD875D507711BA3894AE0722406D"}}
14:25:19.229 [nioEventLoopGroup-2-1] DEBUG c.i.k.driver.chrome_1624438454393 - << {"method":"Runtime.executionContextsCleared","params":{}}
14:25:19.229 [nioEventLoopGroup-2-1] DEBUG c.i.k.driver.chrome_1624438454393 - << {"method":"Page.frameNavigated","params":{"frame":{"id":"B33CBD875D507711BA3894AE0722406D","loaderId":"0AAC1C668EF20191E3786F06780C8E87","url":"http://automationpractice.com/index.php?controller=order&step=1&multi-shipping=0","domainAndRegistry":"automationpractice.com","securityOrigin":"http://automationpractice.com","mimeType":"text/html","adFrameType":"none","secureContextType":"InsecureScheme","crossOriginIsolatedContextType":"NotIsolated","gatedAPIFeatures":["SharedArrayBuffersTransferAllowed"]}}}
14:25:19.230 [nioEventLoopGroup-2-1] DEBUG c.i.k.driver.chrome_1624438454393 - << {"method":"Runtime.executionContextCreated","params":{"context":{"id":6,"origin":"http://automationpractice.com","name":"","uniqueId":"337577530163467949.-3768214896420075853","auxData":{"isDefault":true,"type":"default","frameId":"B33CBD875D507711BA3894AE0722406D"}}}}
14:25:19.859 [nioEventLoopGroup-2-1] DEBUG c.i.k.driver.chrome_1624438454393 - << {"method":"Page.domContentEventFired","params":{"timestamp":144146.171624}}
14:25:19.985 [nioEventLoopGroup-2-1] DEBUG c.i.k.driver.chrome_1624438454393 - << {"id":137,"result":{"data":"iVBORw0KGgoAAAANSUhEUgAABVYAAAKRCAYAAAC/c/KQAAAAAXNSR0IArs4c6QAAIABJREFUeJzsvXuYHOV95/vpuvVleqbnopGEJBCMBNjGxkYIg50cexONpMQJxjZCAi+7JCwIWJ+c3QTMCDvBayc2Esa7m83xGgbHe/DhebBkERJzkljSKIk3MSboBgLbCJgBmZtuMz2Xnr7Urc8f1VVdVV3d03PRlffzPP10V3XVW29Vv9XSfPv7fn8xoIxAcI4gS9L095Gn3kets014X1VRMEwTVVFqttWUWHBfSfa9lrBsu6b/UesavSfLMSyrjCwHj2VZ5cA27jp3+0Y06kOz+Ps11bOLIkuYlo0iS0iyjCpLtLW2YJoWAIZhoqqK9xqgrSWBlkrT1pJk+XltANhqC+fN78J66zCd77uUS5ZdxJFXXsGayJKznfMqjQxzJJsjV9T59U//Dh/52G8ynhslGU+hqhpSMoOakInnJhjOTwJQzB5Hz49TKuUBmNSdPrRoCvF4infeGcKKJWlJtzCZmySXy2EaOgC6WUbTVLBNkBRMyzkn27IxLdt5bTvrLMtGliWsynrLt97QDUqVc7ds5333szIq18murC/pJooiYZo2RV2vbmeY3vHdYwOYphm4tn5KuuE8+94zLat6TKNUaaP6WTl9MtFRAYhZJYzK2CtblXOwyt55uOepm9XxaZjV41m+vhqWjSpLGL514W0C6+3o9QKBQCAQCAQCgUAgeO8wNjY26zZq1R+B4CxmuiLgbETVutvXEVV1s+yJq2FR1f8c6F/UugZiqF+cbCScuusaiar1hN56/WpEveOF1/v77xf5bMtCjWueUAd4oqr7WlFktFSarvZWOjKtSMkWbLtMVybN0bd/xcXzu1iwYAGHDr1A4Z0x0mqMdFJj+ESWI9kcyXicD3/iGq7+1DqMokUbMHHsbazRoxjtC0h0dFNSNVRVwzB05msKuWKZ0XiKdqnMaGuOlpzC ...
14:25:19.997 [pool-1-thread-1] DEBUG c.i.k.driver.chrome_1624438454393 - >> {"id":138,"method":"Runtime.evaluate","params":{"expression":"(document.querySelector(\"button[name='processAddress']\") != null)","returnByValue":true}}
14:25:20.000 [nioEventLoopGroup-2-1] DEBUG c.i.k.driver.chrome_1624438454393 - << {"id":138,"result":{"result":{"type":"boolean","value":true}}}
14:25:20.002 [pool-1-thread-1] DEBUG c.i.k.driver.chrome_1624438454393 - >> {"id":139,"method":"Runtime.evaluate","params":{"expression":"(function(){ var fun = function(e){ var d = window.getComputedStyle(e).display; while(d == 'none'){ e = e.parentElement; d = window.getComputedStyle(e).display } e.scrollIntoView({block: 'center'}) }; var e = document.evaluate(\"\/\/button[@name='processAddress']\", document, null, 9, null).singleNodeValue; return fun(e) })()","returnByValue":true}}
14:25:20.006 [nioEventLoopGroup-2-1] DEBUG c.i.k.driver.chrome_1624438454393 - << {"id":139,"result":{"result":{"type":"undefined"}}}
14:25:20.009 [pool-1-thread-1] DEBUG c.i.k.driver.chrome_1624438454393 - >> {"id":140,"method":"Runtime.evaluate","params":{"expression":"document.evaluate(\"\/\/button[@name='processAddress']\", document, null, 9, null).singleNodeValue.click()","returnByValue":true}}
14:25:20.021 [nioEventLoopGroup-2-1] DEBUG c.i.k.driver.chrome_1624438454393 - << {"id":140,"result":{"result":{"type":"undefined"}}}
14:25:20.023 [nioEventLoopGroup-2-1] DEBUG c.i.k.driver.chrome_1624438454393 - << {"method":"Page.frameScheduledNavigation","params":{"frameId":"B33CBD875D507711BA3894AE0722406D","delay":0,"reason":"formSubmissionPost","url":"http://automationpractice.com/index.php?controller=order"}}
14:25:20.022 [pool-1-thread-1] DEBUG c.i.k.driver.chrome_1624438454393 - >> {"id":141,"method":"Page.captureScreenshot"}
14:25:20.024 [nioEventLoopGroup-2-1] DEBUG c.i.k.driver.chrome_1624438454393 - << {"method":"Page.frameRequestedNavigation","params":{"frameId":"B33CBD875D507711BA3894AE0722406D","reason":"formSubmissionPost","url":"http://automationpractice.com/index.php?controller=order","disposition":"currentTab"}}
14:25:20.028 [nioEventLoopGroup-2-1] DEBUG c.i.k.driver.chrome_1624438454393 - << {"method":"Page.frameClearedScheduledNavigation","params":{"frameId":"B33CBD875D507711BA3894AE0722406D"}}
14:25:20.178 [nioEventLoopGroup-2-1] DEBUG c.i.k.driver.chrome_1624438454393 - << {"id":141,"result":{"data":"iVBORw0KGgoAAAANSUhEUgAABVYAAAKRCAYAAAC/c/KQAAAAAXNSR0IArs4c6QAAIABJREFUeJzs3X2cXVVhL/xfeNMhIUgiBB1MCTVSJTdEP3kkEmplitBSIb1qEDVEDTyi0gvR22rTNult0ppb2+IQi4IXooZYKbFqCBcaikH7mEjpFHJjAClo/ESDBEzUQDJX3ub547zMOWfOvOxkMi/h++UzH7LO3mfttdfe++TML2uvPaarq6srHHQPPfBApp566nA3AwBgUD3y8MN57WmnDcu2fb8CAA5Fw/n96sVkz549B1zHYYPQDgAAAACAFxXBKgAAAABAQYJVAAAAAICCBKsAAAAAAAUJVgEAAAAAChKsAgAAAAAUJFgFAAAAAKjxvve9r991BKsAAAAAAGWVULW/cFWwCgAAAACQnmFqX+HqEQe7MQy+yy+/PEcc4dAN1HPPPZfrr79+uJsBAIxgvl8V4/sVAHAo6i1Efd/73pcvfelLPV737XEUev755/Pa3/iN4W7GqLH1gQeGuwkAwAjn+1Uxvl8BAIeiZuFpXwSro9hPduwY7iaMeCe1tg53EwCAUcT3q/75fgUAUGKOVQAAAACAggSrAAAAAAAFCVYBAAAAAAoSrAIAAAAAFCRYZWR7+dn54JLlWfz/np2Jw90WAIBDge9XAACDQrB6CDv7iuVpb2/PonfXvnpxFrW3p335FTl7v2o90PcXM+d95+d1E1oy8bQ5ufLy3/LlHwAYVr5fAQBQIVh9EXhu34489UzDiy/8Kr/c3Znn97fSAb//4iw6gF8SHvzBznSW/3zsa/+rL/8AwIjg+xUAAIJVDqKLs6h9ViblhfxqP3/JeOQbf5tV39qefeWyL/8AwIub71cAACPFEcPdAIZb+ct5587szKRMakmSzjzyjUW59lulNc6+YnnmTG1JknQ+8kj2NNRQu7y0ztosuja5YvmsTEqSllNz0apPZ8Y3/iSf/dbZuWL5nFRX ...
14:25:20.195 [pool-1-thread-1] DEBUG c.i.k.driver.chrome_1624438454393 - >> {"id":142,"method":"Runtime.evaluate","params":{"expression":"(document.evaluate(\"\/\/input[@type='checkbox']\", document, null, 9, null).singleNodeValue != null)","returnByValue":true}}
14:25:21.140 [nioEventLoopGroup-2-1] DEBUG c.i.k.driver.chrome_1624438454393 - << {"method":"Runtime.executionContextsCleared","params":{}}
14:25:21.140 [nioEventLoopGroup-2-1] DEBUG c.i.k.driver.chrome_1624438454393 - << {"method":"Page.frameNavigated","params":{"frame":{"id":"B33CBD875D507711BA3894AE0722406D","loaderId":"827FF02795C59BAA1BA9F94F28C56EDA","url":"http://automationpractice.com/index.php?controller=order","domainAndRegistry":"automationpractice.com","securityOrigin":"http://automationpractice.com","mimeType":"text/html","adFrameType":"none","secureContextType":"InsecureScheme","crossOriginIsolatedContextType":"NotIsolated","gatedAPIFeatures":["SharedArrayBuffersTransferAllowed"]}}}
14:25:21.141 [nioEventLoopGroup-2-1] DEBUG c.i.k.driver.chrome_1624438454393 - << {"method":"Runtime.executionContextCreated","params":{"context":{"id":7,"origin":"http://automationpractice.com","name":"","uniqueId":"6084449445161755159.4338401620990168378","auxData":{"isDefault":true,"type":"default","frameId":"B33CBD875D507711BA3894AE0722406D"}}}}
14:25:21.141 [nioEventLoopGroup-2-1] DEBUG c.i.k.driver.chrome_1624438454393 - << {"id":142,"result":{"result":{"type":"boolean","value":false}}}
14:25:21.145 [pool-1-thread-1] DEBUG c.intuit.karate.driver.DriverOptions - waitUntil (js) - retry #1
14:25:21.792 [nioEventLoopGroup-2-1] DEBUG c.i.k.driver.chrome_1624438454393 - << {"method":"Page.domContentEventFired","params":{"timestamp":144148.105114}}
14:25:21.816 [nioEventLoopGroup-2-1] DEBUG c.i.k.driver.chrome_1624438454393 - << {"method":"Page.loadEventFired","params":{"timestamp":144148.115784}}
14:25:21.817 [nioEventLoopGroup-2-1] DEBUG c.i.k.driver.chrome_1624438454393 - << {"method":"Page.frameStoppedLoading","params":{"frameId":"B33CBD875D507711BA3894AE0722406D"}}
14:25:24.147 [pool-1-thread-1] DEBUG c.i.k.driver.chrome_1624438454393 - >> {"id":143,"method":"Runtime.evaluate","params":{"expression":"(document.evaluate(\"\/\/input[@type='checkbox']\", document, null, 9, null).singleNodeValue != null)","returnByValue":true}}
14:25:24.149 [nioEventLoopGroup-2-1] DEBUG c.i.k.driver.chrome_1624438454393 - << {"id":143,"result":{"result":{"type":"boolean","value":true}}}
14:25:24.150 [pool-1-thread-1] DEBUG c.i.k.driver.chrome_1624438454393 - >> {"id":144,"method":"Runtime.evaluate","params":{"expression":"document.evaluate(\"\/\/input[@type='checkbox']\", document, null, 9, null).singleNodeValue.click()","returnByValue":true}}
14:25:24.167 [nioEventLoopGroup-2-1] DEBUG c.i.k.driver.chrome_1624438454393 - << {"id":144,"result":{"result":{"type":"undefined"}}}
14:25:24.169 [pool-1-thread-1] DEBUG c.i.k.driver.chrome_1624438454393 - >> {"id":145,"method":"Runtime.evaluate","params":{"expression":"(document.evaluate(\"\/\/button[@name='processCarrier']\", document, null, 9, null).singleNodeValue != null)","returnByValue":true}}
14:25:24.171 [nioEventLoopGroup-2-1] DEBUG c.i.k.driver.chrome_1624438454393 - << {"id":145,"result":{"result":{"type":"boolean","value":true}}}
14:25:24.171 [pool-1-thread-1] DEBUG c.i.k.driver.chrome_1624438454393 - >> {"id":146,"method":"Runtime.evaluate","params":{"expression":"document.evaluate(\"\/\/button[@name='processCarrier']\", document, null, 9, null).singleNodeValue.click()","returnByValue":true}}
14:25:24.179 [nioEventLoopGroup-2-1] DEBUG c.i.k.driver.chrome_1624438454393 - << {"id":146,"result":{"result":{"type":"undefined"}}}
14:25:24.179 [nioEventLoopGroup-2-1] DEBUG c.i.k.driver.chrome_1624438454393 - << {"method":"Page.frameScheduledNavigation","params":{"frameId":"B33CBD875D507711BA3894AE0722406D","delay":0,"reason":"formSubmissionPost","url":"http://automationpractice.com/index.php?controller=order&multi-shipping="}}
14:25:24.180 [nioEventLoopGroup-2-1] DEBUG c.i.k.driver.chrome_1624438454393 - << {"method":"Page.frameRequestedNavigation","params":{"frameId":"B33CBD875D507711BA3894AE0722406D","reason":"formSubmissionPost","url":"http://automationpractice.com/index.php?controller=order&multi-shipping=","disposition":"currentTab"}}
14:25:24.180 [nioEventLoopGroup-2-1] DEBUG c.i.k.driver.chrome_1624438454393 - << {"method":"Page.frameStartedLoading","params":{"frameId":"B33CBD875D507711BA3894AE0722406D"}}
14:25:24.183 [nioEventLoopGroup-2-1] DEBUG c.i.k.driver.chrome_1624438454393 - << {"method":"Page.frameClearedScheduledNavigation","params":{"frameId":"B33CBD875D507711BA3894AE0722406D"}}
14:25:24.184 [pool-1-thread-1] DEBUG c.i.k.driver.chrome_1624438454393 - >> {"id":147,"method":"Page.captureScreenshot"}
14:25:24.782 [nioEventLoopGroup-2-1] DEBUG c.i.k.driver.chrome_1624438454393 - << {"id":147,"result":{"data":"iVBORw0KGgoAAAANSUhEUgAABVYAAAKRCAYAAAC/c/KQAAAAAXNSR0IArs4c6QAAIABJREFUeJzsvXuYHOV95/vpuvVleqbnopGEJBCMBNjGxkYIg50cexONpMQJxjZCAi+7JCwIWJ+c3QTMCDvBayc2Esa7m83xGgbHe/DhebBkERJzkljSKIk3MSboBgLbCJgBmZtuMz2Xnr7Urc8f1VVdVV3d03PRlffzPP10V3XVW29Vv9XSfPv7fn8xoIxAcI4gS9L095Gn3kets014X1VRMEwTVVFqttWUWHBfSfa9lrBsu6b/UesavSfLMSyrjCwHj2VZ5cA27jp3+0Y06kOz+Ps11bOLIkuYlo0iS0iyjCpLtLW2YJoWAIZhoqqK9xqgrSWBlkrT1pJk+XltANhqC+fN78J66zCd77uUS5ZdxJFXXsGayJKznfMqjQxzJJsjV9T59U//Dh/52G8ynhslGU+hqhpSMoOakInnJhjOTwJQzB5Hz49TKuUBmNSdPrRoCvF4infeGcKKJWlJtzCZmySXy2EaOgC6WUbTVLBNkBRMyzkn27IxLdt5bTvrLMtGliWsynrLt97QDUqVc7ds5333szIq18murC/pJooiYZo2RV2vbmeY3vHdYwOYphm4tn5KuuE8+94zLat6TKNUaaP6WTl9MtFRAYhZJYzK2CtblXOwyt55uOepm9XxaZjV41m+vhqWjSpLGL514W0C6+3o9QKBQCAQCAQCgUAgeO8wNjY26zZq1R+B4CxmuiLgbETVutvXEVV1s+yJq2FR1f8c6F/UugZiqF+cbCScuusaiar1hN56/WpEveOF1/v77xf5bMtCjWueUAd4oqr7WlFktFSarvZWOjKtSMkWbLtMVybN0bd/xcXzu1iwYAGHDr1A4Z0x0mqMdFJj+ESWI9kcyXicD3/iGq7+1DqMokUbMHHsbazRoxjtC0h0dFNSNVRVwzB05msKuWKZ0XiKdqnMaGuOlpzC ...
14:25:24.785 [pool-1-thread-1] DEBUG c.i.k.driver.chrome_1624438454393 - >> {"id":148,"method":"Runtime.evaluate","params":{"expression":"(document.evaluate(\"\/\/a[@title='Pay by bank wire']\", document, null, 9, null).singleNodeValue != null)","returnByValue":true}}
14:25:25.029 [nioEventLoopGroup-2-1] DEBUG c.i.k.driver.chrome_1624438454393 - << {"method":"Runtime.executionContextsCleared","params":{}}
14:25:25.030 [nioEventLoopGroup-2-1] DEBUG c.i.k.driver.chrome_1624438454393 - << {"method":"Page.frameNavigated","params":{"frame":{"id":"B33CBD875D507711BA3894AE0722406D","loaderId":"D8929056DAF4E1173C58A7F6755F8749","url":"http://automationpractice.com/index.php?controller=order&multi-shipping=","domainAndRegistry":"automationpractice.com","securityOrigin":"http://automationpractice.com","mimeType":"text/html","adFrameType":"none","secureContextType":"InsecureScheme","crossOriginIsolatedContextType":"NotIsolated","gatedAPIFeatures":["SharedArrayBuffersTransferAllowed"]}}}
14:25:25.031 [nioEventLoopGroup-2-1] DEBUG c.i.k.driver.chrome_1624438454393 - << {"method":"Runtime.executionContextCreated","params":{"context":{"id":8,"origin":"http://automationpractice.com","name":"","uniqueId":"-1089198923111708988.2244477973266375624","auxData":{"isDefault":true,"type":"default","frameId":"B33CBD875D507711BA3894AE0722406D"}}}}
14:25:25.031 [nioEventLoopGroup-2-1] DEBUG c.i.k.driver.chrome_1624438454393 - << {"id":148,"result":{"result":{"type":"boolean","value":false}}}
14:25:25.039 [pool-1-thread-1] DEBUG c.intuit.karate.driver.DriverOptions - waitUntil (js) - retry #1
14:25:26.817 [nioEventLoopGroup-2-1] DEBUG c.i.k.driver.chrome_1624438454393 - << {"method":"Page.domContentEventFired","params":{"timestamp":144153.129312}}
14:25:26.819 [nioEventLoopGroup-2-1] DEBUG c.i.k.driver.chrome_1624438454393 - << {"method":"Page.loadEventFired","params":{"timestamp":144153.130587}}
14:25:26.820 [nioEventLoopGroup-2-1] DEBUG c.i.k.driver.chrome_1624438454393 - << {"method":"Page.frameStoppedLoading","params":{"frameId":"B33CBD875D507711BA3894AE0722406D"}}
14:25:28.046 [pool-1-thread-1] DEBUG c.i.k.driver.chrome_1624438454393 - >> {"id":149,"method":"Runtime.evaluate","params":{"expression":"(document.evaluate(\"\/\/a[@title='Pay by bank wire']\", document, null, 9, null).singleNodeValue != null)","returnByValue":true}}
14:25:28.050 [nioEventLoopGroup-2-1] DEBUG c.i.k.driver.chrome_1624438454393 - << {"id":149,"result":{"result":{"type":"boolean","value":true}}}
14:25:28.052 [pool-1-thread-1] DEBUG c.i.k.driver.chrome_1624438454393 - >> {"id":150,"method":"Runtime.evaluate","params":{"expression":"document.evaluate(\"\/\/a[@title='Pay by bank wire']\", document, null, 9, null).singleNodeValue.click()","returnByValue":true}}
14:25:28.073 [nioEventLoopGroup-2-1] DEBUG c.i.k.driver.chrome_1624438454393 - << {"method":"Page.frameScheduledNavigation","params":{"frameId":"B33CBD875D507711BA3894AE0722406D","delay":0,"reason":"anchorClick","url":"http://automationpractice.com/index.php?fc=module&module=bankwire&controller=payment"}}
14:25:28.073 [nioEventLoopGroup-2-1] DEBUG c.i.k.driver.chrome_1624438454393 - << {"method":"Page.frameRequestedNavigation","params":{"frameId":"B33CBD875D507711BA3894AE0722406D","reason":"anchorClick","url":"http://automationpractice.com/index.php?fc=module&module=bankwire&controller=payment","disposition":"currentTab"}}
14:25:28.074 [nioEventLoopGroup-2-1] DEBUG c.i.k.driver.chrome_1624438454393 - << {"method":"Page.frameStartedLoading","params":{"frameId":"B33CBD875D507711BA3894AE0722406D"}}
14:25:28.078 [nioEventLoopGroup-2-1] DEBUG c.i.k.driver.chrome_1624438454393 - << {"method":"Page.frameClearedScheduledNavigation","params":{"frameId":"B33CBD875D507711BA3894AE0722406D"}}
14:25:28.078 [nioEventLoopGroup-2-1] DEBUG c.i.k.driver.chrome_1624438454393 - << {"id":150,"result":{"result":{"type":"undefined"}}}
14:25:28.082 [pool-1-thread-1] DEBUG c.i.k.driver.chrome_1624438454393 - >> {"id":151,"method":"Runtime.evaluate","params":{"expression":"(document.evaluate(\"\/\/button\/span[normalize-space(text())='I confirm my order']\", document, null, 9, null).singleNodeValue != null)","returnByValue":true}}
14:25:28.795 [nioEventLoopGroup-2-1] DEBUG c.i.k.driver.chrome_1624438454393 - << {"method":"Runtime.executionContextsCleared","params":{}}
14:25:28.795 [nioEventLoopGroup-2-1] DEBUG c.i.k.driver.chrome_1624438454393 - << {"method":"Page.frameNavigated","params":{"frame":{"id":"B33CBD875D507711BA3894AE0722406D","loaderId":"7F6FCF51093553F8A646040408472B42","url":"http://automationpractice.com/index.php?fc=module&module=bankwire&controller=payment","domainAndRegistry":"automationpractice.com","securityOrigin":"http://automationpractice.com","mimeType":"text/html","adFrameType":"none","secureContextType":"InsecureScheme","crossOriginIsolatedContextType":"NotIsolated","gatedAPIFeatures":["SharedArrayBuffersTransferAllowed"]}}}
14:25:28.796 [nioEventLoopGroup-2-1] DEBUG c.i.k.driver.chrome_1624438454393 - << {"method":"Runtime.executionContextCreated","params":{"context":{"id":9,"origin":"http://automationpractice.com","name":"","uniqueId":"-5661344698664748835.-8722562231934608124","auxData":{"isDefault":true,"type":"default","frameId":"B33CBD875D507711BA3894AE0722406D"}}}}
14:25:28.796 [nioEventLoopGroup-2-1] DEBUG c.i.k.driver.chrome_1624438454393 - << {"id":151,"result":{"result":{"type":"boolean","value":false}}}
14:25:28.799 [pool-1-thread-1] DEBUG c.intuit.karate.driver.DriverOptions - waitUntil (js) - retry #1
14:25:30.576 [nioEventLoopGroup-2-1] DEBUG c.i.k.driver.chrome_1624438454393 - << {"method":"Page.domContentEventFired","params":{"timestamp":144156.8884}}
14:25:30.580 [nioEventLoopGroup-2-1] DEBUG c.i.k.driver.chrome_1624438454393 - << {"method":"Page.loadEventFired","params":{"timestamp":144156.891062}}
14:25:30.580 [nioEventLoopGroup-2-1] DEBUG c.i.k.driver.chrome_1624438454393 - << {"method":"Page.frameStoppedLoading","params":{"frameId":"B33CBD875D507711BA3894AE0722406D"}}
14:25:31.811 [pool-1-thread-1] DEBUG c.i.k.driver.chrome_1624438454393 - >> {"id":152,"method":"Runtime.evaluate","params":{"expression":"(document.evaluate(\"\/\/button\/span[normalize-space(text())='I confirm my order']\", document, null, 9, null).singleNodeValue != null)","returnByValue":true}}
14:25:31.815 [nioEventLoopGroup-2-1] DEBUG c.i.k.driver.chrome_1624438454393 - << {"id":152,"result":{"result":{"type":"boolean","value":true}}}
14:25:31.816 [pool-1-thread-1] DEBUG c.i.k.driver.chrome_1624438454393 - >> {"id":153,"method":"Runtime.evaluate","params":{"expression":"document.evaluate(\"\/\/button\/span[normalize-space(text())='I confirm my order']\", document, null, 9, null).singleNodeValue.click()","returnByValue":true}}
14:25:31.831 [nioEventLoopGroup-2-1] DEBUG c.i.k.driver.chrome_1624438454393 - << {"id":153,"result":{"result":{"type":"undefined"}}}
14:25:31.833 [nioEventLoopGroup-2-1] DEBUG c.i.k.driver.chrome_1624438454393 - << {"method":"Page.frameScheduledNavigation","params":{"frameId":"B33CBD875D507711BA3894AE0722406D","delay":0,"reason":"formSubmissionPost","url":"http://automationpractice.com/index.php?fc=module&module=bankwire&controller=validation"}}
14:25:31.833 [nioEventLoopGroup-2-1] DEBUG c.i.k.driver.chrome_1624438454393 - << {"method":"Page.frameRequestedNavigation","params":{"frameId":"B33CBD875D507711BA3894AE0722406D","reason":"formSubmissionPost","url":"http://automationpractice.com/index.php?fc=module&module=bankwire&controller=validation","disposition":"currentTab"}}
14:25:31.834 [nioEventLoopGroup-2-1] DEBUG c.i.k.driver.chrome_1624438454393 - << {"method":"Page.frameStartedLoading","params":{"frameId":"B33CBD875D507711BA3894AE0722406D"}}
14:25:31.835 [pool-1-thread-1] DEBUG c.i.k.driver.chrome_1624438454393 - >> {"id":154,"method":"Page.captureScreenshot"}
14:25:31.838 [nioEventLoopGroup-2-1] DEBUG c.i.k.driver.chrome_1624438454393 - << {"method":"Page.frameClearedScheduledNavigation","params":{"frameId":"B33CBD875D507711BA3894AE0722406D"}}
14:25:31.980 [nioEventLoopGroup-2-1] DEBUG c.i.k.driver.chrome_1624438454393 - << {"id":154,"result":{"data":"iVBORw0KGgoAAAANSUhEUgAABVYAAAKRCAYAAAC/c/KQAAAAAXNSR0IArs4c6QAAIABJREFUeJzsvXuYHOV95/vpuvVleqbnopGEJBCMBNjGxkYIg50cexONpMQJxjZCAi+7JCwIWJ+c3QTMCDvBayc2Esa7m83xGgbHe/DhebBkERJzkljSKIk3MSboBgLbCJgBmZtuMz2Xnr7Urc8f1VVdVV3d03PRlffzPP10V3XVW29Vv9XSfPv7fn8xoIxAcI4gS9L095Gn3kets014X1VRMEwTVVFqttWUWHBfSfa9lrBsu6b/UesavSfLMSyrjCwHj2VZ5cA27jp3+0Y06kOz+Ps11bOLIkuYlo0iS0iyjCpLtLW2YJoWAIZhoqqK9xqgrSWBlkrT1pJk+XltANhqC+fN78J66zCd77uUS5ZdxJFXXsGayJKznfMqjQxzJJsjV9T59U//Dh/52G8ynhslGU+hqhpSMoOakInnJhjOTwJQzB5Hz49TKuUBmNSdPrRoCvF4infeGcKKJWlJtzCZmySXy2EaOgC6WUbTVLBNkBRMyzkn27IxLdt5bTvrLMtGliWsynrLt97QDUqVc7ds5333szIq18murC/pJooiYZo2RV2vbmeY3vHdYwOYphm4tn5KuuE8+94zLat6TKNUaaP6WTl9MtFRAYhZJYzK2CtblXOwyt55uOepm9XxaZjV41m+vhqWjSpLGL514W0C6+3o9QKBQCAQCAQCgUAgeO8wNjY26zZq1R+B4CxmuiLgbETVutvXEVV1s+yJq2FR1f8c6F/UugZiqF+cbCScuusaiar1hN56/WpEveOF1/v77xf5bMtCjWueUAd4oqr7WlFktFSarvZWOjKtSMkWbLtMVybN0bd/xcXzu1iwYAGHDr1A4Z0x0mqMdFJj+ESWI9kcyXicD3/iGq7+1DqMokUbMHHsbazRoxjtC0h0dFNSNVRVwzB05msKuWKZ0XiKdqnMaGuOlpzC ...
14:25:31.983 [pool-1-thread-1] DEBUG c.i.k.driver.chrome_1624438454393 - >> {"id":155,"method":"Runtime.evaluate","params":{"expression":"(document.evaluate(\"\/\/a[@title='Back to orders']\", document, null, 9, null).singleNodeValue != null)","returnByValue":true}}
14:25:33.988 [nioEventLoopGroup-2-1] DEBUG c.i.k.driver.chrome_1624438454393 - << {"method":"Runtime.executionContextsCleared","params":{}}
14:25:33.989 [nioEventLoopGroup-2-1] DEBUG c.i.k.driver.chrome_1624438454393 - << {"method":"Page.frameNavigated","params":{"frame":{"id":"B33CBD875D507711BA3894AE0722406D","loaderId":"A1146F126782887446526E8CCFB35865","url":"http://automationpractice.com/index.php?controller=order-confirmation&id_cart=3319950&id_module=3&id_order=334068&key=027a9f3f0cda7a1a767fe7532e8414fc","domainAndRegistry":"automationpractice.com","securityOrigin":"http://automationpractice.com","mimeType":"text/html","adFrameType":"none","secureContextType":"InsecureScheme","crossOriginIsolatedContextType":"NotIsolated","gatedAPIFeatures":["SharedArrayBuffersTransferAllowed"]}}}
14:25:33.989 [nioEventLoopGroup-2-1] DEBUG c.i.k.driver.chrome_1624438454393 - << {"method":"Runtime.executionContextCreated","params":{"context":{"id":10,"origin":"http://automationpractice.com","name":"","uniqueId":"-57470003409258991.7893218969608246830","auxData":{"isDefault":true,"type":"default","frameId":"B33CBD875D507711BA3894AE0722406D"}}}}
14:25:33.990 [nioEventLoopGroup-2-1] DEBUG c.i.k.driver.chrome_1624438454393 - << {"id":155,"result":{"result":{"type":"boolean","value":false}}}
14:25:33.990 [pool-1-thread-1] DEBUG c.intuit.karate.driver.DriverOptions - waitUntil (js) - retry #1
14:25:34.611 [nioEventLoopGroup-2-1] DEBUG c.i.k.driver.chrome_1624438454393 - << {"method":"Page.domContentEventFired","params":{"timestamp":144160.923429}}
14:25:34.619 [nioEventLoopGroup-2-1] DEBUG c.i.k.driver.chrome_1624438454393 - << {"method":"Page.loadEventFired","params":{"timestamp":144160.930923}}
14:25:34.620 [nioEventLoopGroup-2-1] DEBUG c.i.k.driver.chrome_1624438454393 - << {"method":"Page.frameStoppedLoading","params":{"frameId":"B33CBD875D507711BA3894AE0722406D"}}
14:25:37.002 [pool-1-thread-1] DEBUG c.i.k.driver.chrome_1624438454393 - >> {"id":156,"method":"Runtime.evaluate","params":{"expression":"(document.evaluate(\"\/\/a[@title='Back to orders']\", document, null, 9, null).singleNodeValue != null)","returnByValue":true}}
14:25:37.006 [nioEventLoopGroup-2-1] DEBUG c.i.k.driver.chrome_1624438454393 - << {"id":156,"result":{"result":{"type":"boolean","value":true}}}
14:25:37.009 [pool-1-thread-1] DEBUG c.i.k.driver.chrome_1624438454393 - >> {"id":157,"method":"Runtime.evaluate","params":{"expression":"document.evaluate(\"\/\/a[@title='Back to orders']\", document, null, 9, null).singleNodeValue.click()","returnByValue":true}}
14:25:37.030 [nioEventLoopGroup-2-1] DEBUG c.i.k.driver.chrome_1624438454393 - << {"method":"Page.frameScheduledNavigation","params":{"frameId":"B33CBD875D507711BA3894AE0722406D","delay":0,"reason":"anchorClick","url":"http://automationpractice.com/index.php?controller=history"}}
14:25:37.030 [nioEventLoopGroup-2-1] DEBUG c.i.k.driver.chrome_1624438454393 - << {"method":"Page.frameRequestedNavigation","params":{"frameId":"B33CBD875D507711BA3894AE0722406D","reason":"anchorClick","url":"http://automationpractice.com/index.php?controller=history","disposition":"currentTab"}}
14:25:37.030 [nioEventLoopGroup-2-1] DEBUG c.i.k.driver.chrome_1624438454393 - << {"method":"Page.frameStartedLoading","params":{"frameId":"B33CBD875D507711BA3894AE0722406D"}}
14:25:37.034 [nioEventLoopGroup-2-1] DEBUG c.i.k.driver.chrome_1624438454393 - << {"method":"Page.frameClearedScheduledNavigation","params":{"frameId":"B33CBD875D507711BA3894AE0722406D"}}
14:25:37.034 [nioEventLoopGroup-2-1] DEBUG c.i.k.driver.chrome_1624438454393 - << {"id":157,"result":{"result":{"type":"undefined"}}}
14:25:37.040 [pool-1-thread-1] DEBUG c.i.k.driver.chrome_1624438454393 - >> {"id":158,"method":"Runtime.evaluate","params":{"expression":"(document.evaluate(\"\/\/a\/span[normalize-space(text())='Home']\", document, null, 9, null).singleNodeValue != null)","returnByValue":true}}
14:25:38.085 [nioEventLoopGroup-2-1] DEBUG c.i.k.driver.chrome_1624438454393 - << {"method":"Runtime.executionContextsCleared","params":{}}
14:25:38.086 [nioEventLoopGroup-2-1] DEBUG c.i.k.driver.chrome_1624438454393 - << {"method":"Page.frameNavigated","params":{"frame":{"id":"B33CBD875D507711BA3894AE0722406D","loaderId":"683B77F8EF0D1A9C483100BC82526F14","url":"http://automationpractice.com/index.php?controller=history","domainAndRegistry":"automationpractice.com","securityOrigin":"http://automationpractice.com","mimeType":"text/html","adFrameType":"none","secureContextType":"InsecureScheme","crossOriginIsolatedContextType":"NotIsolated","gatedAPIFeatures":["SharedArrayBuffersTransferAllowed"]}}}
14:25:38.086 [nioEventLoopGroup-2-1] DEBUG c.i.k.driver.chrome_1624438454393 - << {"method":"Runtime.executionContextCreated","params":{"context":{"id":11,"origin":"http://automationpractice.com","name":"","uniqueId":"821390135239153524.-380412400864372793","auxData":{"isDefault":true,"type":"default","frameId":"B33CBD875D507711BA3894AE0722406D"}}}}
14:25:38.087 [nioEventLoopGroup-2-1] DEBUG c.i.k.driver.chrome_1624438454393 - << {"id":158,"result":{"result":{"type":"boolean","value":false}}}
14:25:38.087 [pool-1-thread-1] DEBUG c.intuit.karate.driver.DriverOptions - waitUntil (js) - retry #1
14:25:39.561 [nioEventLoopGroup-2-1] DEBUG c.i.k.driver.chrome_1624438454393 - << {"method":"Page.domContentEventFired","params":{"timestamp":144165.873767}}
14:25:39.576 [nioEventLoopGroup-2-1] DEBUG c.i.k.driver.chrome_1624438454393 - << {"method":"Page.loadEventFired","params":{"timestamp":144165.887662}}
14:25:39.577 [nioEventLoopGroup-2-1] DEBUG c.i.k.driver.chrome_1624438454393 - << {"method":"Page.frameStoppedLoading","params":{"frameId":"B33CBD875D507711BA3894AE0722406D"}}
14:25:41.091 [pool-1-thread-1] DEBUG c.i.k.driver.chrome_1624438454393 - >> {"id":159,"method":"Runtime.evaluate","params":{"expression":"(document.evaluate(\"\/\/a\/span[normalize-space(text())='Home']\", document, null, 9, null).singleNodeValue != null)","returnByValue":true}}
14:25:41.095 [nioEventLoopGroup-2-1] DEBUG c.i.k.driver.chrome_1624438454393 - << {"id":159,"result":{"result":{"type":"boolean","value":true}}}
14:25:41.096 [pool-1-thread-1] DEBUG c.i.k.driver.chrome_1624438454393 - >> {"id":160,"method":"Page.captureScreenshot"}
14:25:41.214 [nioEventLoopGroup-2-1] DEBUG c.i.k.driver.chrome_1624438454393 - << {"id":160,"result":{"data":"iVBORw0KGgoAAAANSUhEUgAABVYAAAKRCAYAAAC/c/KQAAAAAXNSR0IArs4c6QAAIABJREFUeJzsnXeYVNX9/19z7/SZ7QWWXgQEIwKCIiAqaASREhUjINEgRoyx5Gd6Yr4pJmoSDWo0jwUMxCgCCtLEQnXpGIr0XrfOltnp/ffHcg53hgU1IaJwXs/D4zJz595zzz37hLzmfT4fUyqVSqFQnIZUKkUqlULTNOLxOAC6rpNKpTh+/Dhr165l27Zt1NbWEo1GAcjKysJut5NIJIjFYkQiEZLJJFdccQVjx44FwGw2YzKZSCaTaJp2zu5P8dUglUphMpmafD2RSJBMJnn11Vd54403SKVSFBUVEQ6HsVgs+P1+rrzySn7/+99jsVg+85wKhUKhUCgUCoVCoVAoFA0NDf/1OUxKrCrORCqVIplMYjKZ0DQNj8fDxo0b2bx5M2VlZcTjcXJycqR0FcspmUwCjRI2mUxitVoJBALcf//9dO7cWcpUJVcVTSHWXSKRIBKJ8LOf/YwDBw7I9SRIJpOYzWb279/Pxo0bMZvNWK1WTCaTXItKrioUCoVCoVAoFAqFQqHI5GyIVfNZGIfia8RpU3wpIOPlaDyGpmmkSLF71y5KS0vZsWMH8Xgct9uN3ekgHo8TjcfSJFaj1DohVVMpkqRkcvXAgQN07dpVjgVovMaJcWVKVpU6PD8wPkfxc+Z/jcRiMaxWKzt37uR3v/sdHo8Hl8slBb5AJKmzsrLYuXMnl19++SnnVigUCoVCoVAoFAqFQqH4X6DE6gVIk7LyxF/Ftmuz2UwkEmHdunWUlpZSU1ODyWTCbrfL7dlCWhklVjKZRNd1NE2TyUJN0yAFDoeDYDB48pIZok0eC1Kwnk68Kb5eGJ+j8VlmivRkMkk8HsdisfD+++/zwgsvEIlEcDqdJBIJ+VmxzsQ5XS5X2jdNKq2qUCgUCoVCoVAoFAqF4n+NEqsXEKdL8Yk6qolEAovFQigU ...
14:25:46.220 [pool-1-thread-1] DEBUG c.i.k.driver.chrome_1624438454393 - >> {"id":161,"method":"Target.closeTarget","params":{"targetId":"B33CBD875D507711BA3894AE0722406D"}}
14:25:46.220 [nioEventLoopGroup-2-1] DEBUG c.i.k.driver.chrome_1624438454393 - << {"id":161,"result":{"success":true}}
14:25:46.232 [nioEventLoopGroup-2-1] DEBUG c.i.k.http.WebSocketClientHandler - websocket client disconnected
14:25:46.233 [pool-1-thread-1] DEBUG com.intuit.karate.shell.Command - closing command: chrome_1624438454393
14:25:46.628 [chrome_1624438454393] WARN  com.intuit.karate.shell.Command - exit code was non-zero: 1 - [C:\Program Files (x86)\Google\Chrome\Application\chrome.exe, --remote-debugging-port=9222, --no-first-run, --user-data-dir=C:\Users\admin\Desktop\QA\karate-demo\myproject\target\chrome_1624438454393, --disable-popup-blocking] working dir: target\chrome_1624438454393
14:25:47.452 [pool-2-thread-1] INFO  com.intuit.karate.Suite - <<pass>> feature 2 of 2 (0 remaining) classpath:examples/users/UiAutomation.feature
